<?xml version="1.0" encoding="UTF-8"?>
<?xml-stylesheet type="text/xsl" href="cmreport.xsl"?>

<coverage branch-rate="0" line-rate="0.3398" timestamp="1431797404098" version="3.7.1">
	
	<packages>
		<package branch-rate="0" complexity="0" line-rate="0.3398" name="">
			<classes>
				<class branch-rate="0" complexity="0" filename="outputters.py" line-rate="0.5526" name="outputters">
					<methods />
					<lines>
						<line f="2" m1="0.5" m2="0.632455532034" m3="1.25" m4="0.666666666667" number="4" s="3" />
						<line f="2" m1="0.5" m2="0.632455532034" m3="1.25" m4="0.666666666667" number="6" s="3" />
						<line f="2" m1="0.5" m2="0.632455532034" m3="1.25" m4="0.666666666667" number="10" s="3" />
						<line f="2" m1="0.5" m2="0.632455532034" m3="1.25" m4="0.666666666667" number="11" s="3" />
						<line f="2" m1="0.5" m2="0.632455532034" m3="1.25" m4="0.666666666667" number="12" s="3" />
						<line f="2" m1="0.5" m2="0.632455532034" m3="1.25" m4="0.666666666667" number="16" s="3" />
						<line f="2" m1="0.5" m2="0.632455532034" m3="1.25" m4="0.666666666667" number="18" s="3" />
						<line f="2" m1="0.5" m2="0.632455532034" m3="1.25" m4="0.666666666667" number="19" s="3" />
						<line f="2" m1="0.5" m2="0.632455532034" m3="1.25" m4="0.666666666667" number="20" s="3" />
						<line f="2" m1="0.5" m2="0.632455532034" m3="1.25" m4="0.666666666667" number="21" s="3" />
						<line f="2" m1="0.5" m2="0.632455532034" m3="1.25" m4="0.666666666667" number="22" s="3" />
						<line f="2" m1="0.5" m2="0.632455532034" m3="1.25" m4="0.666666666667" number="23" s="3" />
						<line f="2" m1="0.5" m2="0.632455532034" m3="1.25" m4="0.666666666667" number="24" s="3" />
						<line f="2" m1="0.5" m2="0.632455532034" m3="1.25" m4="0.666666666667" number="26" s="3" />
						<line f="1" m1="1.0" m2="0.707106781187" m3="1.0" m4="1.0" number="27" s="0" />
						<line f="1" m1="1.0" m2="0.707106781187" m3="1.0" m4="1.0" number="28" s="0" />
						<line f="0" m1="0" m2="0" m3="0.0" m4="0.0" number="29" s="0" />
						<line f="0" m1="0" m2="0" m3="0.0" m4="0.0" number="30" s="0" />
						<line f="0" m1="0" m2="0" m3="0.0" m4="0.0" number="31" s="0" />
						<line f="1" m1="1.0" m2="0.707106781187" m3="1.0" m4="1.0" number="32" s="0" />
						<line f="0" m1="0" m2="0" m3="0.0" m4="0.0" number="33" s="0" />
						<line f="0" m1="0" m2="0" m3="0.0" m4="0.0" number="34" s="0" />
						<line f="0" m1="0" m2="0" m3="0.0" m4="0.0" number="35" s="0" />
						<line f="0" m1="0" m2="0" m3="0.0" m4="0.0" number="37" s="0" />
						<line f="2" m1="0.5" m2="0.632455532034" m3="1.25" m4="0.666666666667" number="39" s="3" />
						<line f="1" m1="1.0" m2="0.707106781187" m3="1.0" m4="1.0" number="40" s="0" />
						<line f="2" m1="0.5" m2="0.632455532034" m3="1.25" m4="0.666666666667" number="44" s="3" />
						<line f="0" m1="0" m2="0" m3="0.0" m4="0.0" number="45" s="0" />
						<line f="0" m1="0" m2="0" m3="0.0" m4="0.0" number="46" s="0" />
						<line f="0" m1="0" m2="0" m3="0.0" m4="0.0" number="47" s="0" />
						<line f="2" m1="0.5" m2="0.632455532034" m3="1.25" m4="0.666666666667" number="49" s="3" />
						<line f="0" m1="0" m2="0" m3="0.0" m4="0.0" number="50" s="0" />
						<line f="2" m1="0.5" m2="0.632455532034" m3="1.25" m4="0.666666666667" number="52" s="3" />
						<line f="1" m1="1.0" m2="0.707106781187" m3="1.0" m4="1.0" number="53" s="0" />
						<line f="1" m1="1.0" m2="0.707106781187" m3="1.0" m4="1.0" number="54" s="0" />
						<line f="2" m1="0.5" m2="0.632455532034" m3="1.25" m4="0.666666666667" number="56" s="3" />
						<line f="2" m1="0.5" m2="0.632455532034" m3="1.25" m4="0.666666666667" number="57" s="3" />
						<line f="2" m1="0.5" m2="0.632455532034" m3="1.25" m4="0.666666666667" number="58" s="3" />
					</lines>
				</class>
				<class branch-rate="0" complexity="0" filename="xmls/__init__.py" line-rate="0" name="xmls/__init__">
					<methods />
					<lines />
				</class>
				<class branch-rate="0" complexity="0" filename="xmls/parsers/__init__.py" line-rate="0" name="xmls/parsers/__init__">
					<methods />
					<lines />
				</class>
				<class branch-rate="0" complexity="0" filename="xmls/parsers/xmlproc/__init__.py" line-rate="0" name="xmls/parsers/xmlproc/__init__">
					<methods />
					<lines />
				</class>
				<class branch-rate="0" complexity="0" filename="xmls/parsers/xmlproc/charconv.py" line-rate="0.6759" name="xmls/parsers/xmlproc/charconv">
					<methods />
					<lines>
						<line f="2" m1="0.5" m2="0.632455532034" m3="1.25" m4="0.666666666667" number="8" s="3" />
						<line f="2" m1="0.5" m2="0.632455532034" m3="1.25" m4="0.666666666667" number="20" s="3" />
						<line f="2" m1="0.5" m2="0.632455532034" m3="1.25" m4="0.666666666667" number="29" s="3" />
						<line f="2" m1="0.5" m2="0.632455532034" m3="1.25" m4="0.666666666667" number="30" s="3" />
						<line f="2" m1="0.5" m2="0.632455532034" m3="1.25" m4="0.666666666667" number="31" s="3" />
						<line f="2" m1="0.5" m2="0.632455532034" m3="1.25" m4="0.666666666667" number="32" s="3" />
						<line f="2" m1="0.5" m2="0.632455532034" m3="1.25" m4="0.666666666667" number="33" s="3" />
						<line f="2" m1="0.5" m2="0.632455532034" m3="1.25" m4="0.666666666667" number="37" s="3" />
						<line f="2" m1="0.5" m2="0.632455532034" m3="1.25" m4="0.666666666667" number="38" s="3" />
						<line f="2" m1="0.5" m2="0.632455532034" m3="1.25" m4="0.666666666667" number="39" s="3" />
						<line f="2" m1="0.5" m2="0.632455532034" m3="1.25" m4="0.666666666667" number="41" s="3" />
						<line f="2" m1="0.5" m2="0.632455532034" m3="1.25" m4="0.666666666667" number="42" s="3" />
						<line f="2" m1="0.5" m2="0.632455532034" m3="1.25" m4="0.666666666667" number="43" s="3" />
						<line f="2" m1="0.5" m2="0.632455532034" m3="1.25" m4="0.666666666667" number="49" s="3" />
						<line f="2" m1="0.5" m2="0.632455532034" m3="1.25" m4="0.666666666667" number="52" s="3" />
						<line f="2" m1="0.5" m2="0.632455532034" m3="1.25" m4="0.666666666667" number="53" s="3" />
						<line f="2" m1="0.5" m2="0.632455532034" m3="1.25" m4="0.666666666667" number="54" s="3" />
						<line f="2" m1="0.5" m2="0.632455532034" m3="1.25" m4="0.666666666667" number="58" s="3" />
						<line f="0" m1="0" m2="0" m3="0.0" m4="0.0" number="59" s="0" />
						<line f="0" m1="0" m2="0" m3="0.0" m4="0.0" number="61" s="0" />
						<line f="0" m1="0" m2="0" m3="0.0" m4="0.0" number="62" s="0" />
						<line f="0" m1="0" m2="0" m3="0.0" m4="0.0" number="63" s="0" />
						<line f="0" m1="0" m2="0" m3="0.0" m4="0.0" number="64" s="0" />
						<line f="0" m1="0" m2="0" m3="0.0" m4="0.0" number="65" s="0" />
						<line f="0" m1="0" m2="0" m3="0.0" m4="0.0" number="66" s="0" />
						<line f="0" m1="0" m2="0" m3="0.0" m4="0.0" number="67" s="0" />
						<line f="0" m1="0" m2="0" m3="0.0" m4="0.0" number="69" s="0" />
						<line f="2" m1="0.5" m2="0.632455532034" m3="1.25" m4="0.666666666667" number="71" s="3" />
						<line f="0" m1="0" m2="0" m3="0.0" m4="0.0" number="72" s="0" />
						<line f="0" m1="0" m2="0" m3="0.0" m4="0.0" number="74" s="0" />
						<line f="0" m1="0" m2="0" m3="0.0" m4="0.0" number="75" s="0" />
						<line f="0" m1="0" m2="0" m3="0.0" m4="0.0" number="76" s="0" />
						<line f="0" m1="0" m2="0" m3="0.0" m4="0.0" number="78" s="0" />
						<line f="0" m1="0" m2="0" m3="0.0" m4="0.0" number="79" s="0" />
						<line f="0" m1="0" m2="0" m3="0.0" m4="0.0" number="81" s="0" />
						<line f="2" m1="0.5" m2="0.632455532034" m3="1.25" m4="0.666666666667" number="83" s="3" />
						<line f="0" m1="0" m2="0" m3="0.0" m4="0.0" number="84" s="0" />
						<line f="2" m1="0.5" m2="0.632455532034" m3="1.25" m4="0.666666666667" number="86" s="3" />
						<line f="0" m1="0" m2="0" m3="0.0" m4="0.0" number="87" s="0" />
						<line f="2" m1="0.5" m2="0.632455532034" m3="1.25" m4="0.666666666667" number="89" s="3" />
						<line f="2" m1="0.5" m2="0.632455532034" m3="1.25" m4="0.666666666667" number="90" s="3" />
						<line f="2" m1="0.5" m2="0.632455532034" m3="1.25" m4="0.666666666667" number="92" s="3" />
						<line f="0" m1="0" m2="0" m3="0.0" m4="0.0" number="93" s="0" />
						<line f="2" m1="0.5" m2="0.632455532034" m3="1.25" m4="0.666666666667" number="95" s="3" />
						<line f="0" m1="0" m2="0" m3="0.0" m4="0.0" number="96" s="0" />
						<line f="2" m1="0.5" m2="0.632455532034" m3="1.25" m4="0.666666666667" number="98" s="3" />
						<line f="0" m1="0" m2="0" m3="0.0" m4="0.0" number="99" s="0" />
						<line f="2" m1="0.5" m2="0.632455532034" m3="1.25" m4="0.666666666667" number="103" s="3" />
						<line f="2" m1="0.5" m2="0.632455532034" m3="1.25" m4="0.666666666667" number="107" s="3" />
						<line f="2" m1="0.5" m2="0.632455532034" m3="1.25" m4="0.666666666667" number="108" s="3" />
						<line f="2" m1="0.5" m2="0.632455532034" m3="1.25" m4="0.666666666667" number="109" s="3" />
						<line f="2" m1="0.5" m2="0.632455532034" m3="1.25" m4="0.666666666667" number="111" s="3" />
						<line f="2" m1="0.5" m2="0.632455532034" m3="1.25" m4="0.666666666667" number="113" s="3" />
						<line f="2" m1="0.5" m2="0.632455532034" m3="1.25" m4="0.666666666667" number="115" s="3" />
						<line f="1" m1="1.0" m2="0.707106781187" m3="1.0" m4="1.0" number="118" s="0" />
						<line f="1" m1="1.0" m2="0.707106781187" m3="1.0" m4="1.0" number="119" s="0" />
						<line f="1" m1="1.0" m2="0.707106781187" m3="1.0" m4="1.0" number="121" s="0" />
						<line f="1" m1="1.0" m2="0.707106781187" m3="1.0" m4="1.0" number="122" s="0" />
						<line f="0" m1="0" m2="0" m3="0.0" m4="0.0" number="124" s="0" />
						<line f="0" m1="0" m2="0" m3="0.0" m4="0.0" number="125" s="0" />
						<line f="0" m1="0" m2="0" m3="0.0" m4="0.0" number="126" s="0" />
						<line f="0" m1="0" m2="0" m3="0.0" m4="0.0" number="127" s="0" />
						<line f="2" m1="0.5" m2="0.632455532034" m3="1.25" m4="0.666666666667" number="129" s="3" />
						<line f="1" m1="1.0" m2="0.707106781187" m3="1.0" m4="1.0" number="133" s="0" />
						<line f="1" m1="1.0" m2="0.707106781187" m3="1.0" m4="1.0" number="134" s="0" />
						<line f="1" m1="1.0" m2="0.707106781187" m3="1.0" m4="1.0" number="136" s="0" />
						<line f="1" m1="1.0" m2="0.707106781187" m3="1.0" m4="1.0" number="137" s="0" />
						<line f="0" m1="0" m2="0" m3="0.0" m4="0.0" number="139" s="0" />
						<line f="2" m1="0.5" m2="0.632455532034" m3="1.25" m4="0.666666666667" number="141" s="3" />
						<line f="2" m1="0.5" m2="0.632455532034" m3="1.25" m4="0.666666666667" number="142" s="3" />
						<line f="2" m1="0.5" m2="0.632455532034" m3="1.25" m4="0.666666666667" number="143" s="3" />
						<line f="2" m1="0.5" m2="0.632455532034" m3="1.25" m4="0.666666666667" number="145" s="3" />
						<line f="2" m1="0.5" m2="0.632455532034" m3="1.25" m4="0.666666666667" number="146" s="3" />
						<line f="2" m1="0.5" m2="0.632455532034" m3="1.25" m4="0.666666666667" number="148" s="3" />
						<line f="2" m1="0.5" m2="0.632455532034" m3="1.25" m4="0.666666666667" number="150" s="3" />
						<line f="2" m1="0.5" m2="0.632455532034" m3="1.25" m4="0.666666666667" number="152" s="3" />
						<line f="2" m1="0.5" m2="0.632455532034" m3="1.25" m4="0.666666666667" number="153" s="3" />
						<line f="0" m1="0" m2="0" m3="0.0" m4="0.0" number="154" s="0" />
						<line f="2" m1="0.5" m2="0.632455532034" m3="1.25" m4="0.666666666667" number="156" s="3" />
						<line f="2" m1="0.5" m2="0.632455532034" m3="1.25" m4="0.666666666667" number="160" s="3" />
						<line f="2" m1="0.5" m2="0.632455532034" m3="1.25" m4="0.666666666667" number="161" s="3" />
						<line f="2" m1="0.5" m2="0.632455532034" m3="1.25" m4="0.666666666667" number="162" s="3" />
						<line f="2" m1="0.5" m2="0.632455532034" m3="1.25" m4="0.666666666667" number="163" s="3" />
						<line f="2" m1="0.5" m2="0.632455532034" m3="1.25" m4="0.666666666667" number="164" s="3" />
						<line f="2" m1="0.5" m2="0.632455532034" m3="1.25" m4="0.666666666667" number="165" s="3" />
						<line f="2" m1="0.5" m2="0.632455532034" m3="1.25" m4="0.666666666667" number="166" s="3" />
						<line f="2" m1="0.5" m2="0.632455532034" m3="1.25" m4="0.666666666667" number="167" s="3" />
						<line f="2" m1="0.5" m2="0.632455532034" m3="1.25" m4="0.666666666667" number="168" s="3" />
						<line f="2" m1="0.5" m2="0.632455532034" m3="1.25" m4="0.666666666667" number="169" s="3" />
						<line f="2" m1="0.5" m2="0.632455532034" m3="1.25" m4="0.666666666667" number="170" s="3" />
						<line f="2" m1="0.5" m2="0.632455532034" m3="1.25" m4="0.666666666667" number="172" s="3" />
						<line f="2" m1="0.5" m2="0.632455532034" m3="1.25" m4="0.666666666667" number="173" s="3" />
						<line f="2" m1="0.5" m2="0.632455532034" m3="1.25" m4="0.666666666667" number="174" s="3" />
						<line f="2" m1="0.5" m2="0.632455532034" m3="1.25" m4="0.666666666667" number="175" s="3" />
						<line f="2" m1="0.5" m2="0.632455532034" m3="1.25" m4="0.666666666667" number="176" s="3" />
						<line f="2" m1="0.5" m2="0.632455532034" m3="1.25" m4="0.666666666667" number="177" s="3" />
						<line f="2" m1="0.5" m2="0.632455532034" m3="1.25" m4="0.666666666667" number="178" s="3" />
						<line f="2" m1="0.5" m2="0.632455532034" m3="1.25" m4="0.666666666667" number="179" s="3" />
						<line f="2" m1="0.5" m2="0.632455532034" m3="1.25" m4="0.666666666667" number="181" s="3" />
						<line f="2" m1="0.5" m2="0.632455532034" m3="1.25" m4="0.666666666667" number="182" s="3" />
						<line f="2" m1="0.5" m2="0.632455532034" m3="1.25" m4="0.666666666667" number="183" s="3" />
						<line f="2" m1="0.5" m2="0.632455532034" m3="1.25" m4="0.666666666667" number="187" s="3" />
						<line f="2" m1="0.5" m2="0.632455532034" m3="1.25" m4="0.666666666667" number="188" s="3" />
						<line f="2" m1="0.5" m2="0.632455532034" m3="1.25" m4="0.666666666667" number="189" s="3" />
						<line f="2" m1="0.5" m2="0.632455532034" m3="1.25" m4="0.666666666667" number="191" s="3" />
						<line f="2" m1="0.5" m2="0.632455532034" m3="1.25" m4="0.666666666667" number="192" s="3" />
						<line f="2" m1="0.5" m2="0.632455532034" m3="1.25" m4="0.666666666667" number="194" s="3" />
						<line f="2" m1="0.5" m2="0.632455532034" m3="1.25" m4="0.666666666667" number="196" s="3" />
					</lines>
				</class>
				<class branch-rate="0" complexity="0" filename="xmls/parsers/xmlproc/dtdparser.py" line-rate="0.08772" name="xmls/parsers/xmlproc/dtdparser">
					<methods />
					<lines>
						<line f="2" m1="0.5" m2="0.632455532034" m3="1.25" m4="0.666666666667" number="8" s="3" />
						<line f="2" m1="0.5" m2="0.632455532034" m3="1.25" m4="0.666666666667" number="9" s="3" />
						<line f="2" m1="0.5" m2="0.632455532034" m3="1.25" m4="0.666666666667" number="11" s="3" />
						<line f="2" m1="0.5" m2="0.632455532034" m3="1.25" m4="0.666666666667" number="13" s="3" />
						<line f="2" m1="0.5" m2="0.632455532034" m3="1.25" m4="0.666666666667" number="14" s="3" />
						<line f="2" m1="0.5" m2="0.632455532034" m3="1.25" m4="0.666666666667" number="20" s="3" />
						<line f="2" m1="0.5" m2="0.632455532034" m3="1.25" m4="0.666666666667" number="26" s="3" />
						<line f="0" m1="0" m2="0" m3="0.0" m4="0.0" number="27" s="0" />
						<line f="0" m1="0" m2="0" m3="0.0" m4="0.0" number="28" s="0" />
						<line f="0" m1="0" m2="0" m3="0.0" m4="0.0" number="29" s="0" />
						<line f="0" m1="0" m2="0" m3="0.0" m4="0.0" number="30" s="0" />
						<line f="0" m1="0" m2="0" m3="0.0" m4="0.0" number="31" s="0" />
						<line f="0" m1="0" m2="0" m3="0.0" m4="0.0" number="32" s="0" />
						<line f="0" m1="0" m2="0" m3="0.0" m4="0.0" number="34" s="0" />
						<line f="0" m1="0" m2="0" m3="0.0" m4="0.0" number="35" s="0" />
						<line f="0" m1="0" m2="0" m3="0.0" m4="0.0" number="36" s="0" />
						<line f="0" m1="0" m2="0" m3="0.0" m4="0.0" number="37" s="0" />
						<line f="0" m1="0" m2="0" m3="0.0" m4="0.0" number="38" s="0" />
						<line f="0" m1="0" m2="0" m3="0.0" m4="0.0" number="40" s="0" />
						<line f="0" m1="0" m2="0" m3="0.0" m4="0.0" number="42" s="0" />
						<line f="0" m1="0" m2="0" m3="0.0" m4="0.0" number="43" s="0" />
						<line f="2" m1="0.5" m2="0.632455532034" m3="1.25" m4="0.666666666667" number="45" s="3" />
						<line f="0" m1="0" m2="0" m3="0.0" m4="0.0" number="46" s="0" />
						<line f="0" m1="0" m2="0" m3="0.0" m4="0.0" number="47" s="0" />
						<line f="0" m1="0" m2="0" m3="0.0" m4="0.0" number="48" s="0" />
						<line f="0" m1="0" m2="0" m3="0.0" m4="0.0" number="49" s="0" />
						<line f="0" m1="0" m2="0" m3="0.0" m4="0.0" number="50" s="0" />
						<line f="0" m1="0" m2="0" m3="0.0" m4="0.0" number="51" s="0" />
						<line f="0" m1="0" m2="0" m3="0.0" m4="0.0" number="52" s="0" />
						<line f="0" m1="0" m2="0" m3="0.0" m4="0.0" number="53" s="0" />
						<line f="0" m1="0" m2="0" m3="0.0" m4="0.0" number="54" s="0" />
						<line f="0" m1="0" m2="0" m3="0.0" m4="0.0" number="55" s="0" />
						<line f="0" m1="0" m2="0" m3="0.0" m4="0.0" number="56" s="0" />
						<line f="2" m1="0.5" m2="0.632455532034" m3="1.25" m4="0.666666666667" number="58" s="3" />
						<line f="0" m1="0" m2="0" m3="0.0" m4="0.0" number="59" s="0" />
						<line f="0" m1="0" m2="0" m3="0.0" m4="0.0" number="60" s="0" />
						<line f="0" m1="0" m2="0" m3="0.0" m4="0.0" number="61" s="0" />
						<line f="0" m1="0" m2="0" m3="0.0" m4="0.0" number="62" s="0" />
						<line f="0" m1="0" m2="0" m3="0.0" m4="0.0" number="63" s="0" />
						<line f="0" m1="0" m2="0" m3="0.0" m4="0.0" number="64" s="0" />
						<line f="0" m1="0" m2="0" m3="0.0" m4="0.0" number="65" s="0" />
						<line f="0" m1="0" m2="0" m3="0.0" m4="0.0" number="66" s="0" />
						<line f="0" m1="0" m2="0" m3="0.0" m4="0.0" number="67" s="0" />
						<line f="2" m1="0.5" m2="0.632455532034" m3="1.25" m4="0.666666666667" number="69" s="3" />
						<line f="0" m1="0" m2="0" m3="0.0" m4="0.0" number="70" s="0" />
						<line f="0" m1="0" m2="0" m3="0.0" m4="0.0" number="71" s="0" />
						<line f="0" m1="0" m2="0" m3="0.0" m4="0.0" number="72" s="0" />
						<line f="0" m1="0" m2="0" m3="0.0" m4="0.0" number="73" s="0" />
						<line f="0" m1="0" m2="0" m3="0.0" m4="0.0" number="74" s="0" />
						<line f="0" m1="0" m2="0" m3="0.0" m4="0.0" number="75" s="0" />
						<line f="0" m1="0" m2="0" m3="0.0" m4="0.0" number="76" s="0" />
						<line f="0" m1="0" m2="0" m3="0.0" m4="0.0" number="77" s="0" />
						<line f="2" m1="0.5" m2="0.632455532034" m3="1.25" m4="0.666666666667" number="79" s="3" />
						<line f="0" m1="0" m2="0" m3="0.0" m4="0.0" number="80" s="0" />
						<line f="0" m1="0" m2="0" m3="0.0" m4="0.0" number="81" s="0" />
						<line f="0" m1="0" m2="0" m3="0.0" m4="0.0" number="82" s="0" />
						<line f="0" m1="0" m2="0" m3="0.0" m4="0.0" number="83" s="0" />
						<line f="0" m1="0" m2="0" m3="0.0" m4="0.0" number="84" s="0" />
						<line f="0" m1="0" m2="0" m3="0.0" m4="0.0" number="85" s="0" />
						<line f="0" m1="0" m2="0" m3="0.0" m4="0.0" number="86" s="0" />
						<line f="0" m1="0" m2="0" m3="0.0" m4="0.0" number="88" s="0" />
						<line f="0" m1="0" m2="0" m3="0.0" m4="0.0" number="89" s="0" />
						<line f="0" m1="0" m2="0" m3="0.0" m4="0.0" number="90" s="0" />
						<line f="0" m1="0" m2="0" m3="0.0" m4="0.0" number="92" s="0" />
						<line f="2" m1="0.5" m2="0.632455532034" m3="1.25" m4="0.666666666667" number="94" s="3" />
						<line f="0" m1="0" m2="0" m3="0.0" m4="0.0" number="95" s="0" />
						<line f="0" m1="0" m2="0" m3="0.0" m4="0.0" number="97" s="0" />
						<line f="0" m1="0" m2="0" m3="0.0" m4="0.0" number="98" s="0" />
						<line f="0" m1="0" m2="0" m3="0.0" m4="0.0" number="99" s="0" />
						<line f="0" m1="0" m2="0" m3="0.0" m4="0.0" number="101" s="0" />
						<line f="0" m1="0" m2="0" m3="0.0" m4="0.0" number="102" s="0" />
						<line f="0" m1="0" m2="0" m3="0.0" m4="0.0" number="103" s="0" />
						<line f="0" m1="0" m2="0" m3="0.0" m4="0.0" number="104" s="0" />
						<line f="0" m1="0" m2="0" m3="0.0" m4="0.0" number="105" s="0" />
						<line f="0" m1="0" m2="0" m3="0.0" m4="0.0" number="106" s="0" />
						<line f="0" m1="0" m2="0" m3="0.0" m4="0.0" number="107" s="0" />
						<line f="0" m1="0" m2="0" m3="0.0" m4="0.0" number="108" s="0" />
						<line f="0" m1="0" m2="0" m3="0.0" m4="0.0" number="110" s="0" />
						<line f="0" m1="0" m2="0" m3="0.0" m4="0.0" number="111" s="0" />
						<line f="0" m1="0" m2="0" m3="0.0" m4="0.0" number="112" s="0" />
						<line f="0" m1="0" m2="0" m3="0.0" m4="0.0" number="114" s="0" />
						<line f="2" m1="0.5" m2="0.632455532034" m3="1.25" m4="0.666666666667" number="116" s="3" />
						<line f="0" m1="0" m2="0" m3="0.0" m4="0.0" number="117" s="0" />
						<line f="0" m1="0" m2="0" m3="0.0" m4="0.0" number="118" s="0" />
						<line f="0" m1="0" m2="0" m3="0.0" m4="0.0" number="119" s="0" />
						<line f="0" m1="0" m2="0" m3="0.0" m4="0.0" number="120" s="0" />
						<line f="0" m1="0" m2="0" m3="0.0" m4="0.0" number="121" s="0" />
						<line f="0" m1="0" m2="0" m3="0.0" m4="0.0" number="122" s="0" />
						<line f="0" m1="0" m2="0" m3="0.0" m4="0.0" number="123" s="0" />
						<line f="0" m1="0" m2="0" m3="0.0" m4="0.0" number="125" s="0" />
						<line f="0" m1="0" m2="0" m3="0.0" m4="0.0" number="127" s="0" />
						<line f="0" m1="0" m2="0" m3="0.0" m4="0.0" number="128" s="0" />
						<line f="0" m1="0" m2="0" m3="0.0" m4="0.0" number="130" s="0" />
						<line f="0" m1="0" m2="0" m3="0.0" m4="0.0" number="131" s="0" />
						<line f="0" m1="0" m2="0" m3="0.0" m4="0.0" number="132" s="0" />
						<line f="0" m1="0" m2="0" m3="0.0" m4="0.0" number="133" s="0" />
						<line f="0" m1="0" m2="0" m3="0.0" m4="0.0" number="134" s="0" />
						<line f="0" m1="0" m2="0" m3="0.0" m4="0.0" number="136" s="0" />
						<line f="0" m1="0" m2="0" m3="0.0" m4="0.0" number="137" s="0" />
						<line f="0" m1="0" m2="0" m3="0.0" m4="0.0" number="138" s="0" />
						<line f="0" m1="0" m2="0" m3="0.0" m4="0.0" number="139" s="0" />
						<line f="0" m1="0" m2="0" m3="0.0" m4="0.0" number="141" s="0" />
						<line f="0" m1="0" m2="0" m3="0.0" m4="0.0" number="147" s="0" />
						<line f="2" m1="0.5" m2="0.632455532034" m3="1.25" m4="0.666666666667" number="149" s="3" />
						<line f="0" m1="0" m2="0" m3="0.0" m4="0.0" number="150" s="0" />
						<line f="0" m1="0" m2="0" m3="0.0" m4="0.0" number="151" s="0" />
						<line f="0" m1="0" m2="0" m3="0.0" m4="0.0" number="152" s="0" />
						<line f="0" m1="0" m2="0" m3="0.0" m4="0.0" number="153" s="0" />
						<line f="0" m1="0" m2="0" m3="0.0" m4="0.0" number="154" s="0" />
						<line f="0" m1="0" m2="0" m3="0.0" m4="0.0" number="155" s="0" />
						<line f="0" m1="0" m2="0" m3="0.0" m4="0.0" number="156" s="0" />
						<line f="0" m1="0" m2="0" m3="0.0" m4="0.0" number="158" s="0" />
						<line f="2" m1="0.5" m2="0.632455532034" m3="1.25" m4="0.666666666667" number="160" s="3" />
						<line f="0" m1="0" m2="0" m3="0.0" m4="0.0" number="161" s="0" />
						<line f="0" m1="0" m2="0" m3="0.0" m4="0.0" number="162" s="0" />
						<line f="0" m1="0" m2="0" m3="0.0" m4="0.0" number="163" s="0" />
						<line f="0" m1="0" m2="0" m3="0.0" m4="0.0" number="164" s="0" />
						<line f="0" m1="0" m2="0" m3="0.0" m4="0.0" number="165" s="0" />
						<line f="0" m1="0" m2="0" m3="0.0" m4="0.0" number="166" s="0" />
						<line f="0" m1="0" m2="0" m3="0.0" m4="0.0" number="167" s="0" />
						<line f="0" m1="0" m2="0" m3="0.0" m4="0.0" number="169" s="0" />
						<line f="0" m1="0" m2="0" m3="0.0" m4="0.0" number="170" s="0" />
						<line f="0" m1="0" m2="0" m3="0.0" m4="0.0" number="171" s="0" />
						<line f="0" m1="0" m2="0" m3="0.0" m4="0.0" number="172" s="0" />
						<line f="0" m1="0" m2="0" m3="0.0" m4="0.0" number="174" s="0" />
						<line f="0" m1="0" m2="0" m3="0.0" m4="0.0" number="175" s="0" />
						<line f="0" m1="0" m2="0" m3="0.0" m4="0.0" number="176" s="0" />
						<line f="0" m1="0" m2="0" m3="0.0" m4="0.0" number="177" s="0" />
						<line f="0" m1="0" m2="0" m3="0.0" m4="0.0" number="178" s="0" />
						<line f="0" m1="0" m2="0" m3="0.0" m4="0.0" number="180" s="0" />
						<line f="0" m1="0" m2="0" m3="0.0" m4="0.0" number="181" s="0" />
						<line f="0" m1="0" m2="0" m3="0.0" m4="0.0" number="183" s="0" />
						<line f="0" m1="0" m2="0" m3="0.0" m4="0.0" number="184" s="0" />
						<line f="2" m1="0.5" m2="0.632455532034" m3="1.25" m4="0.666666666667" number="188" s="3" />
						<line f="0" m1="0" m2="0" m3="0.0" m4="0.0" number="189" s="0" />
						<line f="0" m1="0" m2="0" m3="0.0" m4="0.0" number="190" s="0" />
						<line f="0" m1="0" m2="0" m3="0.0" m4="0.0" number="191" s="0" />
						<line f="0" m1="0" m2="0" m3="0.0" m4="0.0" number="192" s="0" />
						<line f="0" m1="0" m2="0" m3="0.0" m4="0.0" number="193" s="0" />
						<line f="0" m1="0" m2="0" m3="0.0" m4="0.0" number="194" s="0" />
						<line f="0" m1="0" m2="0" m3="0.0" m4="0.0" number="195" s="0" />
						<line f="0" m1="0" m2="0" m3="0.0" m4="0.0" number="196" s="0" />
						<line f="0" m1="0" m2="0" m3="0.0" m4="0.0" number="197" s="0" />
						<line f="2" m1="0.5" m2="0.632455532034" m3="1.25" m4="0.666666666667" number="199" s="3" />
						<line f="0" m1="0" m2="0" m3="0.0" m4="0.0" number="200" s="0" />
						<line f="0" m1="0" m2="0" m3="0.0" m4="0.0" number="201" s="0" />
						<line f="0" m1="0" m2="0" m3="0.0" m4="0.0" number="202" s="0" />
						<line f="0" m1="0" m2="0" m3="0.0" m4="0.0" number="204" s="0" />
						<line f="0" m1="0" m2="0" m3="0.0" m4="0.0" number="205" s="0" />
						<line f="0" m1="0" m2="0" m3="0.0" m4="0.0" number="206" s="0" />
						<line f="0" m1="0" m2="0" m3="0.0" m4="0.0" number="207" s="0" />
						<line f="0" m1="0" m2="0" m3="0.0" m4="0.0" number="208" s="0" />
						<line f="0" m1="0" m2="0" m3="0.0" m4="0.0" number="209" s="0" />
						<line f="0" m1="0" m2="0" m3="0.0" m4="0.0" number="210" s="0" />
						<line f="2" m1="0.5" m2="0.632455532034" m3="1.25" m4="0.666666666667" number="213" s="3" />
						<line f="0" m1="0" m2="0" m3="0.0" m4="0.0" number="214" s="0" />
						<line f="0" m1="0" m2="0" m3="0.0" m4="0.0" number="215" s="0" />
						<line f="2" m1="0.5" m2="0.632455532034" m3="1.25" m4="0.666666666667" number="217" s="3" />
						<line f="0" m1="0" m2="0" m3="0.0" m4="0.0" number="218" s="0" />
						<line f="2" m1="0.5" m2="0.632455532034" m3="1.25" m4="0.666666666667" number="220" s="3" />
						<line f="0" m1="0" m2="0" m3="0.0" m4="0.0" number="222" s="0" />
						<line f="2" m1="0.5" m2="0.632455532034" m3="1.25" m4="0.666666666667" number="224" s="3" />
						<line f="0" m1="0" m2="0" m3="0.0" m4="0.0" number="227" s="0" />
						<line f="2" m1="0.5" m2="0.632455532034" m3="1.25" m4="0.666666666667" number="229" s="3" />
						<line f="0" m1="0" m2="0" m3="0.0" m4="0.0" number="231" s="0" />
						<line f="2" m1="0.5" m2="0.632455532034" m3="1.25" m4="0.666666666667" number="233" s="3" />
						<line f="0" m1="0" m2="0" m3="0.0" m4="0.0" number="235" s="0" />
						<line f="2" m1="0.5" m2="0.632455532034" m3="1.25" m4="0.666666666667" number="237" s="3" />
						<line f="0" m1="0" m2="0" m3="0.0" m4="0.0" number="240" s="0" />
						<line f="0" m1="0" m2="0" m3="0.0" m4="0.0" number="241" s="0" />
						<line f="0" m1="0" m2="0" m3="0.0" m4="0.0" number="243" s="0" />
						<line f="0" m1="0" m2="0" m3="0.0" m4="0.0" number="244" s="0" />
						<line f="0" m1="0" m2="0" m3="0.0" m4="0.0" number="246" s="0" />
						<line f="0" m1="0" m2="0" m3="0.0" m4="0.0" number="247" s="0" />
						<line f="0" m1="0" m2="0" m3="0.0" m4="0.0" number="248" s="0" />
						<line f="0" m1="0" m2="0" m3="0.0" m4="0.0" number="249" s="0" />
						<line f="0" m1="0" m2="0" m3="0.0" m4="0.0" number="250" s="0" />
						<line f="0" m1="0" m2="0" m3="0.0" m4="0.0" number="251" s="0" />
						<line f="0" m1="0" m2="0" m3="0.0" m4="0.0" number="252" s="0" />
						<line f="0" m1="0" m2="0" m3="0.0" m4="0.0" number="253" s="0" />
						<line f="0" m1="0" m2="0" m3="0.0" m4="0.0" number="254" s="0" />
						<line f="0" m1="0" m2="0" m3="0.0" m4="0.0" number="255" s="0" />
						<line f="0" m1="0" m2="0" m3="0.0" m4="0.0" number="256" s="0" />
						<line f="0" m1="0" m2="0" m3="0.0" m4="0.0" number="257" s="0" />
						<line f="0" m1="0" m2="0" m3="0.0" m4="0.0" number="258" s="0" />
						<line f="0" m1="0" m2="0" m3="0.0" m4="0.0" number="259" s="0" />
						<line f="0" m1="0" m2="0" m3="0.0" m4="0.0" number="260" s="0" />
						<line f="0" m1="0" m2="0" m3="0.0" m4="0.0" number="261" s="0" />
						<line f="0" m1="0" m2="0" m3="0.0" m4="0.0" number="262" s="0" />
						<line f="0" m1="0" m2="0" m3="0.0" m4="0.0" number="263" s="0" />
						<line f="0" m1="0" m2="0" m3="0.0" m4="0.0" number="264" s="0" />
						<line f="0" m1="0" m2="0" m3="0.0" m4="0.0" number="265" s="0" />
						<line f="0" m1="0" m2="0" m3="0.0" m4="0.0" number="267" s="0" />
						<line f="0" m1="0" m2="0" m3="0.0" m4="0.0" number="268" s="0" />
						<line f="0" m1="0" m2="0" m3="0.0" m4="0.0" number="270" s="0" />
						<line f="0" m1="0" m2="0" m3="0.0" m4="0.0" number="271" s="0" />
						<line f="0" m1="0" m2="0" m3="0.0" m4="0.0" number="273" s="0" />
						<line f="0" m1="0" m2="0" m3="0.0" m4="0.0" number="274" s="0" />
						<line f="0" m1="0" m2="0" m3="0.0" m4="0.0" number="276" s="0" />
						<line f="0" m1="0" m2="0" m3="0.0" m4="0.0" number="277" s="0" />
						<line f="0" m1="0" m2="0" m3="0.0" m4="0.0" number="278" s="0" />
						<line f="0" m1="0" m2="0" m3="0.0" m4="0.0" number="280" s="0" />
						<line f="0" m1="0" m2="0" m3="0.0" m4="0.0" number="281" s="0" />
						<line f="0" m1="0" m2="0" m3="0.0" m4="0.0" number="282" s="0" />
						<line f="0" m1="0" m2="0" m3="0.0" m4="0.0" number="283" s="0" />
						<line f="0" m1="0" m2="0" m3="0.0" m4="0.0" number="285" s="0" />
						<line f="2" m1="0.5" m2="0.632455532034" m3="1.25" m4="0.666666666667" number="287" s="3" />
						<line f="0" m1="0" m2="0" m3="0.0" m4="0.0" number="290" s="0" />
						<line f="0" m1="0" m2="0" m3="0.0" m4="0.0" number="291" s="0" />
						<line f="0" m1="0" m2="0" m3="0.0" m4="0.0" number="292" s="0" />
						<line f="0" m1="0" m2="0" m3="0.0" m4="0.0" number="293" s="0" />
						<line f="0" m1="0" m2="0" m3="0.0" m4="0.0" number="295" s="0" />
						<line f="0" m1="0" m2="0" m3="0.0" m4="0.0" number="297" s="0" />
						<line f="0" m1="0" m2="0" m3="0.0" m4="0.0" number="298" s="0" />
						<line f="0" m1="0" m2="0" m3="0.0" m4="0.0" number="300" s="0" />
						<line f="0" m1="0" m2="0" m3="0.0" m4="0.0" number="302" s="0" />
						<line f="0" m1="0" m2="0" m3="0.0" m4="0.0" number="303" s="0" />
						<line f="0" m1="0" m2="0" m3="0.0" m4="0.0" number="304" s="0" />
						<line f="0" m1="0" m2="0" m3="0.0" m4="0.0" number="306" s="0" />
						<line f="0" m1="0" m2="0" m3="0.0" m4="0.0" number="308" s="0" />
						<line f="0" m1="0" m2="0" m3="0.0" m4="0.0" number="309" s="0" />
						<line f="0" m1="0" m2="0" m3="0.0" m4="0.0" number="311" s="0" />
						<line f="0" m1="0" m2="0" m3="0.0" m4="0.0" number="313" s="0" />
						<line f="0" m1="0" m2="0" m3="0.0" m4="0.0" number="315" s="0" />
						<line f="0" m1="0" m2="0" m3="0.0" m4="0.0" number="316" s="0" />
						<line f="0" m1="0" m2="0" m3="0.0" m4="0.0" number="317" s="0" />
						<line f="0" m1="0" m2="0" m3="0.0" m4="0.0" number="319" s="0" />
						<line f="0" m1="0" m2="0" m3="0.0" m4="0.0" number="320" s="0" />
						<line f="0" m1="0" m2="0" m3="0.0" m4="0.0" number="322" s="0" />
						<line f="0" m1="0" m2="0" m3="0.0" m4="0.0" number="324" s="0" />
						<line f="0" m1="0" m2="0" m3="0.0" m4="0.0" number="325" s="0" />
						<line f="0" m1="0" m2="0" m3="0.0" m4="0.0" number="327" s="0" />
						<line f="0" m1="0" m2="0" m3="0.0" m4="0.0" number="329" s="0" />
						<line f="0" m1="0" m2="0" m3="0.0" m4="0.0" number="330" s="0" />
						<line f="0" m1="0" m2="0" m3="0.0" m4="0.0" number="331" s="0" />
						<line f="0" m1="0" m2="0" m3="0.0" m4="0.0" number="332" s="0" />
						<line f="0" m1="0" m2="0" m3="0.0" m4="0.0" number="334" s="0" />
						<line f="0" m1="0" m2="0" m3="0.0" m4="0.0" number="335" s="0" />
						<line f="0" m1="0" m2="0" m3="0.0" m4="0.0" number="336" s="0" />
						<line f="0" m1="0" m2="0" m3="0.0" m4="0.0" number="338" s="0" />
						<line f="0" m1="0" m2="0" m3="0.0" m4="0.0" number="339" s="0" />
						<line f="0" m1="0" m2="0" m3="0.0" m4="0.0" number="341" s="0" />
						<line f="2" m1="0.5" m2="0.632455532034" m3="1.25" m4="0.666666666667" number="343" s="3" />
						<line f="0" m1="0" m2="0" m3="0.0" m4="0.0" number="347" s="0" />
						<line f="0" m1="0" m2="0" m3="0.0" m4="0.0" number="348" s="0" />
						<line f="0" m1="0" m2="0" m3="0.0" m4="0.0" number="349" s="0" />
						<line f="0" m1="0" m2="0" m3="0.0" m4="0.0" number="350" s="0" />
						<line f="0" m1="0" m2="0" m3="0.0" m4="0.0" number="351" s="0" />
						<line f="0" m1="0" m2="0" m3="0.0" m4="0.0" number="353" s="0" />
						<line f="0" m1="0" m2="0" m3="0.0" m4="0.0" number="354" s="0" />
						<line f="0" m1="0" m2="0" m3="0.0" m4="0.0" number="355" s="0" />
						<line f="0" m1="0" m2="0" m3="0.0" m4="0.0" number="357" s="0" />
						<line f="2" m1="0.5" m2="0.632455532034" m3="1.25" m4="0.666666666667" number="359" s="3" />
						<line f="0" m1="0" m2="0" m3="0.0" m4="0.0" number="360" s="0" />
						<line f="0" m1="0" m2="0" m3="0.0" m4="0.0" number="361" s="0" />
						<line f="0" m1="0" m2="0" m3="0.0" m4="0.0" number="363" s="0" />
						<line f="0" m1="0" m2="0" m3="0.0" m4="0.0" number="364" s="0" />
						<line f="0" m1="0" m2="0" m3="0.0" m4="0.0" number="366" s="0" />
						<line f="0" m1="0" m2="0" m3="0.0" m4="0.0" number="367" s="0" />
						<line f="0" m1="0" m2="0" m3="0.0" m4="0.0" number="369" s="0" />
						<line f="0" m1="0" m2="0" m3="0.0" m4="0.0" number="370" s="0" />
						<line f="0" m1="0" m2="0" m3="0.0" m4="0.0" number="372" s="0" />
						<line f="0" m1="0" m2="0" m3="0.0" m4="0.0" number="373" s="0" />
						<line f="0" m1="0" m2="0" m3="0.0" m4="0.0" number="374" s="0" />
						<line f="0" m1="0" m2="0" m3="0.0" m4="0.0" number="375" s="0" />
						<line f="0" m1="0" m2="0" m3="0.0" m4="0.0" number="376" s="0" />
						<line f="0" m1="0" m2="0" m3="0.0" m4="0.0" number="378" s="0" />
						<line f="0" m1="0" m2="0" m3="0.0" m4="0.0" number="379" s="0" />
						<line f="0" m1="0" m2="0" m3="0.0" m4="0.0" number="381" s="0" />
						<line f="0" m1="0" m2="0" m3="0.0" m4="0.0" number="383" s="0" />
						<line f="0" m1="0" m2="0" m3="0.0" m4="0.0" number="385" s="0" />
						<line f="0" m1="0" m2="0" m3="0.0" m4="0.0" number="386" s="0" />
						<line f="0" m1="0" m2="0" m3="0.0" m4="0.0" number="388" s="0" />
						<line f="0" m1="0" m2="0" m3="0.0" m4="0.0" number="390" s="0" />
						<line f="0" m1="0" m2="0" m3="0.0" m4="0.0" number="392" s="0" />
						<line f="0" m1="0" m2="0" m3="0.0" m4="0.0" number="393" s="0" />
						<line f="0" m1="0" m2="0" m3="0.0" m4="0.0" number="394" s="0" />
						<line f="0" m1="0" m2="0" m3="0.0" m4="0.0" number="395" s="0" />
						<line f="0" m1="0" m2="0" m3="0.0" m4="0.0" number="396" s="0" />
						<line f="0" m1="0" m2="0" m3="0.0" m4="0.0" number="397" s="0" />
						<line f="0" m1="0" m2="0" m3="0.0" m4="0.0" number="399" s="0" />
						<line f="0" m1="0" m2="0" m3="0.0" m4="0.0" number="400" s="0" />
						<line f="0" m1="0" m2="0" m3="0.0" m4="0.0" number="401" s="0" />
						<line f="0" m1="0" m2="0" m3="0.0" m4="0.0" number="402" s="0" />
						<line f="0" m1="0" m2="0" m3="0.0" m4="0.0" number="403" s="0" />
						<line f="0" m1="0" m2="0" m3="0.0" m4="0.0" number="405" s="0" />
						<line f="0" m1="0" m2="0" m3="0.0" m4="0.0" number="406" s="0" />
						<line f="0" m1="0" m2="0" m3="0.0" m4="0.0" number="407" s="0" />
						<line f="0" m1="0" m2="0" m3="0.0" m4="0.0" number="409" s="0" />
						<line f="0" m1="0" m2="0" m3="0.0" m4="0.0" number="411" s="0" />
						<line f="0" m1="0" m2="0" m3="0.0" m4="0.0" number="412" s="0" />
						<line f="0" m1="0" m2="0" m3="0.0" m4="0.0" number="414" s="0" />
						<line f="2" m1="0.5" m2="0.632455532034" m3="1.25" m4="0.666666666667" number="416" s="3" />
						<line f="0" m1="0" m2="0" m3="0.0" m4="0.0" number="418" s="0" />
						<line f="0" m1="0" m2="0" m3="0.0" m4="0.0" number="419" s="0" />
						<line f="0" m1="0" m2="0" m3="0.0" m4="0.0" number="420" s="0" />
						<line f="0" m1="0" m2="0" m3="0.0" m4="0.0" number="422" s="0" />
						<line f="0" m1="0" m2="0" m3="0.0" m4="0.0" number="423" s="0" />
						<line f="0" m1="0" m2="0" m3="0.0" m4="0.0" number="424" s="0" />
						<line f="0" m1="0" m2="0" m3="0.0" m4="0.0" number="425" s="0" />
						<line f="0" m1="0" m2="0" m3="0.0" m4="0.0" number="427" s="0" />
						<line f="2" m1="0.5" m2="0.632455532034" m3="1.25" m4="0.666666666667" number="429" s="3" />
						<line f="0" m1="0" m2="0" m3="0.0" m4="0.0" number="431" s="0" />
						<line f="0" m1="0" m2="0" m3="0.0" m4="0.0" number="433" s="0" />
						<line f="0" m1="0" m2="0" m3="0.0" m4="0.0" number="434" s="0" />
						<line f="0" m1="0" m2="0" m3="0.0" m4="0.0" number="435" s="0" />
						<line f="0" m1="0" m2="0" m3="0.0" m4="0.0" number="436" s="0" />
						<line f="0" m1="0" m2="0" m3="0.0" m4="0.0" number="437" s="0" />
						<line f="0" m1="0" m2="0" m3="0.0" m4="0.0" number="439" s="0" />
						<line f="0" m1="0" m2="0" m3="0.0" m4="0.0" number="440" s="0" />
						<line f="0" m1="0" m2="0" m3="0.0" m4="0.0" number="441" s="0" />
						<line f="0" m1="0" m2="0" m3="0.0" m4="0.0" number="442" s="0" />
						<line f="0" m1="0" m2="0" m3="0.0" m4="0.0" number="444" s="0" />
						<line f="0" m1="0" m2="0" m3="0.0" m4="0.0" number="446" s="0" />
						<line f="0" m1="0" m2="0" m3="0.0" m4="0.0" number="447" s="0" />
						<line f="0" m1="0" m2="0" m3="0.0" m4="0.0" number="448" s="0" />
						<line f="0" m1="0" m2="0" m3="0.0" m4="0.0" number="449" s="0" />
						<line f="0" m1="0" m2="0" m3="0.0" m4="0.0" number="451" s="0" />
						<line f="2" m1="0.5" m2="0.632455532034" m3="1.25" m4="0.666666666667" number="453" s="3" />
						<line f="0" m1="0" m2="0" m3="0.0" m4="0.0" number="456" s="0" />
						<line f="0" m1="0" m2="0" m3="0.0" m4="0.0" number="457" s="0" />
						<line f="0" m1="0" m2="0" m3="0.0" m4="0.0" number="458" s="0" />
						<line f="0" m1="0" m2="0" m3="0.0" m4="0.0" number="460" s="0" />
						<line f="0" m1="0" m2="0" m3="0.0" m4="0.0" number="461" s="0" />
						<line f="0" m1="0" m2="0" m3="0.0" m4="0.0" number="462" s="0" />
						<line f="0" m1="0" m2="0" m3="0.0" m4="0.0" number="464" s="0" />
						<line f="0" m1="0" m2="0" m3="0.0" m4="0.0" number="465" s="0" />
						<line f="0" m1="0" m2="0" m3="0.0" m4="0.0" number="466" s="0" />
						<line f="0" m1="0" m2="0" m3="0.0" m4="0.0" number="467" s="0" />
						<line f="0" m1="0" m2="0" m3="0.0" m4="0.0" number="468" s="0" />
						<line f="0" m1="0" m2="0" m3="0.0" m4="0.0" number="469" s="0" />
						<line f="0" m1="0" m2="0" m3="0.0" m4="0.0" number="470" s="0" />
						<line f="0" m1="0" m2="0" m3="0.0" m4="0.0" number="471" s="0" />
						<line f="0" m1="0" m2="0" m3="0.0" m4="0.0" number="473" s="0" />
						<line f="0" m1="0" m2="0" m3="0.0" m4="0.0" number="474" s="0" />
						<line f="0" m1="0" m2="0" m3="0.0" m4="0.0" number="475" s="0" />
						<line f="0" m1="0" m2="0" m3="0.0" m4="0.0" number="476" s="0" />
						<line f="0" m1="0" m2="0" m3="0.0" m4="0.0" number="478" s="0" />
						<line f="0" m1="0" m2="0" m3="0.0" m4="0.0" number="480" s="0" />
						<line f="0" m1="0" m2="0" m3="0.0" m4="0.0" number="481" s="0" />
						<line f="0" m1="0" m2="0" m3="0.0" m4="0.0" number="482" s="0" />
						<line f="0" m1="0" m2="0" m3="0.0" m4="0.0" number="484" s="0" />
						<line f="0" m1="0" m2="0" m3="0.0" m4="0.0" number="486" s="0" />
						<line f="0" m1="0" m2="0" m3="0.0" m4="0.0" number="487" s="0" />
						<line f="0" m1="0" m2="0" m3="0.0" m4="0.0" number="488" s="0" />
						<line f="0" m1="0" m2="0" m3="0.0" m4="0.0" number="489" s="0" />
						<line f="0" m1="0" m2="0" m3="0.0" m4="0.0" number="490" s="0" />
						<line f="0" m1="0" m2="0" m3="0.0" m4="0.0" number="491" s="0" />
						<line f="0" m1="0" m2="0" m3="0.0" m4="0.0" number="492" s="0" />
						<line f="0" m1="0" m2="0" m3="0.0" m4="0.0" number="493" s="0" />
						<line f="0" m1="0" m2="0" m3="0.0" m4="0.0" number="494" s="0" />
						<line f="0" m1="0" m2="0" m3="0.0" m4="0.0" number="495" s="0" />
						<line f="0" m1="0" m2="0" m3="0.0" m4="0.0" number="496" s="0" />
						<line f="0" m1="0" m2="0" m3="0.0" m4="0.0" number="497" s="0" />
						<line f="0" m1="0" m2="0" m3="0.0" m4="0.0" number="498" s="0" />
						<line f="0" m1="0" m2="0" m3="0.0" m4="0.0" number="500" s="0" />
						<line f="0" m1="0" m2="0" m3="0.0" m4="0.0" number="501" s="0" />
						<line f="0" m1="0" m2="0" m3="0.0" m4="0.0" number="502" s="0" />
						<line f="0" m1="0" m2="0" m3="0.0" m4="0.0" number="504" s="0" />
						<line f="0" m1="0" m2="0" m3="0.0" m4="0.0" number="505" s="0" />
						<line f="0" m1="0" m2="0" m3="0.0" m4="0.0" number="507" s="0" />
						<line f="2" m1="0.5" m2="0.632455532034" m3="1.25" m4="0.666666666667" number="509" s="3" />
						<line f="0" m1="0" m2="0" m3="0.0" m4="0.0" number="512" s="0" />
						<line f="0" m1="0" m2="0" m3="0.0" m4="0.0" number="514" s="0" />
						<line f="0" m1="0" m2="0" m3="0.0" m4="0.0" number="515" s="0" />
						<line f="0" m1="0" m2="0" m3="0.0" m4="0.0" number="518" s="0" />
						<line f="0" m1="0" m2="0" m3="0.0" m4="0.0" number="519" s="0" />
						<line f="0" m1="0" m2="0" m3="0.0" m4="0.0" number="520" s="0" />
						<line f="0" m1="0" m2="0" m3="0.0" m4="0.0" number="521" s="0" />
						<line f="0" m1="0" m2="0" m3="0.0" m4="0.0" number="522" s="0" />
						<line f="0" m1="0" m2="0" m3="0.0" m4="0.0" number="523" s="0" />
						<line f="0" m1="0" m2="0" m3="0.0" m4="0.0" number="525" s="0" />
						<line f="0" m1="0" m2="0" m3="0.0" m4="0.0" number="526" s="0" />
						<line f="0" m1="0" m2="0" m3="0.0" m4="0.0" number="528" s="0" />
						<line f="0" m1="0" m2="0" m3="0.0" m4="0.0" number="529" s="0" />
						<line f="0" m1="0" m2="0" m3="0.0" m4="0.0" number="530" s="0" />
						<line f="0" m1="0" m2="0" m3="0.0" m4="0.0" number="532" s="0" />
						<line f="2" m1="0.5" m2="0.632455532034" m3="1.25" m4="0.666666666667" number="534" s="3" />
						<line f="0" m1="0" m2="0" m3="0.0" m4="0.0" number="541" s="0" />
						<line f="0" m1="0" m2="0" m3="0.0" m4="0.0" number="544" s="0" />
						<line f="0" m1="0" m2="0" m3="0.0" m4="0.0" number="545" s="0" />
						<line f="0" m1="0" m2="0" m3="0.0" m4="0.0" number="547" s="0" />
						<line f="0" m1="0" m2="0" m3="0.0" m4="0.0" number="548" s="0" />
						<line f="0" m1="0" m2="0" m3="0.0" m4="0.0" number="550" s="0" />
						<line f="0" m1="0" m2="0" m3="0.0" m4="0.0" number="551" s="0" />
						<line f="0" m1="0" m2="0" m3="0.0" m4="0.0" number="552" s="0" />
						<line f="0" m1="0" m2="0" m3="0.0" m4="0.0" number="553" s="0" />
						<line f="0" m1="0" m2="0" m3="0.0" m4="0.0" number="555" s="0" />
						<line f="0" m1="0" m2="0" m3="0.0" m4="0.0" number="557" s="0" />
						<line f="0" m1="0" m2="0" m3="0.0" m4="0.0" number="558" s="0" />
						<line f="0" m1="0" m2="0" m3="0.0" m4="0.0" number="559" s="0" />
						<line f="0" m1="0" m2="0" m3="0.0" m4="0.0" number="561" s="0" />
						<line f="0" m1="0" m2="0" m3="0.0" m4="0.0" number="563" s="0" />
						<line f="0" m1="0" m2="0" m3="0.0" m4="0.0" number="564" s="0" />
						<line f="0" m1="0" m2="0" m3="0.0" m4="0.0" number="566" s="0" />
						<line f="0" m1="0" m2="0" m3="0.0" m4="0.0" number="568" s="0" />
						<line f="0" m1="0" m2="0" m3="0.0" m4="0.0" number="569" s="0" />
						<line f="0" m1="0" m2="0" m3="0.0" m4="0.0" number="570" s="0" />
						<line f="0" m1="0" m2="0" m3="0.0" m4="0.0" number="572" s="0" />
						<line f="0" m1="0" m2="0" m3="0.0" m4="0.0" number="573" s="0" />
						<line f="0" m1="0" m2="0" m3="0.0" m4="0.0" number="574" s="0" />
						<line f="0" m1="0" m2="0" m3="0.0" m4="0.0" number="576" s="0" />
						<line f="0" m1="0" m2="0" m3="0.0" m4="0.0" number="577" s="0" />
						<line f="0" m1="0" m2="0" m3="0.0" m4="0.0" number="579" s="0" />
						<line f="0" m1="0" m2="0" m3="0.0" m4="0.0" number="580" s="0" />
						<line f="0" m1="0" m2="0" m3="0.0" m4="0.0" number="581" s="0" />
						<line f="0" m1="0" m2="0" m3="0.0" m4="0.0" number="583" s="0" />
						<line f="0" m1="0" m2="0" m3="0.0" m4="0.0" number="584" s="0" />
						<line f="0" m1="0" m2="0" m3="0.0" m4="0.0" number="585" s="0" />
						<line f="0" m1="0" m2="0" m3="0.0" m4="0.0" number="587" s="0" />
						<line f="0" m1="0" m2="0" m3="0.0" m4="0.0" number="589" s="0" />
						<line f="2" m1="0.5" m2="0.632455532034" m3="1.25" m4="0.666666666667" number="591" s="3" />
						<line f="0" m1="0" m2="0" m3="0.0" m4="0.0" number="594" s="0" />
						<line f="0" m1="0" m2="0" m3="0.0" m4="0.0" number="595" s="0" />
						<line f="0" m1="0" m2="0" m3="0.0" m4="0.0" number="596" s="0" />
						<line f="0" m1="0" m2="0" m3="0.0" m4="0.0" number="598" s="0" />
						<line f="0" m1="0" m2="0" m3="0.0" m4="0.0" number="599" s="0" />
						<line f="0" m1="0" m2="0" m3="0.0" m4="0.0" number="600" s="0" />
						<line f="0" m1="0" m2="0" m3="0.0" m4="0.0" number="601" s="0" />
						<line f="0" m1="0" m2="0" m3="0.0" m4="0.0" number="602" s="0" />
						<line f="0" m1="0" m2="0" m3="0.0" m4="0.0" number="604" s="0" />
						<line f="0" m1="0" m2="0" m3="0.0" m4="0.0" number="605" s="0" />
						<line f="0" m1="0" m2="0" m3="0.0" m4="0.0" number="606" s="0" />
						<line f="0" m1="0" m2="0" m3="0.0" m4="0.0" number="607" s="0" />
						<line f="0" m1="0" m2="0" m3="0.0" m4="0.0" number="609" s="0" />
						<line f="0" m1="0" m2="0" m3="0.0" m4="0.0" number="610" s="0" />
						<line f="0" m1="0" m2="0" m3="0.0" m4="0.0" number="612" s="0" />
						<line f="0" m1="0" m2="0" m3="0.0" m4="0.0" number="613" s="0" />
						<line f="0" m1="0" m2="0" m3="0.0" m4="0.0" number="615" s="0" />
						<line f="0" m1="0" m2="0" m3="0.0" m4="0.0" number="616" s="0" />
						<line f="0" m1="0" m2="0" m3="0.0" m4="0.0" number="617" s="0" />
						<line f="0" m1="0" m2="0" m3="0.0" m4="0.0" number="618" s="0" />
						<line f="0" m1="0" m2="0" m3="0.0" m4="0.0" number="620" s="0" />
						<line f="2" m1="0.5" m2="0.632455532034" m3="1.25" m4="0.666666666667" number="622" s="3" />
						<line f="0" m1="0" m2="0" m3="0.0" m4="0.0" number="624" s="0" />
						<line f="0" m1="0" m2="0" m3="0.0" m4="0.0" number="625" s="0" />
						<line f="0" m1="0" m2="0" m3="0.0" m4="0.0" number="626" s="0" />
						<line f="0" m1="0" m2="0" m3="0.0" m4="0.0" number="627" s="0" />
						<line f="0" m1="0" m2="0" m3="0.0" m4="0.0" number="629" s="0" />
						<line f="0" m1="0" m2="0" m3="0.0" m4="0.0" number="631" s="0" />
						<line f="0" m1="0" m2="0" m3="0.0" m4="0.0" number="632" s="0" />
						<line f="0" m1="0" m2="0" m3="0.0" m4="0.0" number="633" s="0" />
						<line f="0" m1="0" m2="0" m3="0.0" m4="0.0" number="634" s="0" />
						<line f="0" m1="0" m2="0" m3="0.0" m4="0.0" number="635" s="0" />
						<line f="0" m1="0" m2="0" m3="0.0" m4="0.0" number="636" s="0" />
						<line f="0" m1="0" m2="0" m3="0.0" m4="0.0" number="637" s="0" />
						<line f="0" m1="0" m2="0" m3="0.0" m4="0.0" number="639" s="0" />
						<line f="0" m1="0" m2="0" m3="0.0" m4="0.0" number="640" s="0" />
						<line f="0" m1="0" m2="0" m3="0.0" m4="0.0" number="641" s="0" />
						<line f="0" m1="0" m2="0" m3="0.0" m4="0.0" number="642" s="0" />
						<line f="0" m1="0" m2="0" m3="0.0" m4="0.0" number="644" s="0" />
						<line f="0" m1="0" m2="0" m3="0.0" m4="0.0" number="645" s="0" />
						<line f="0" m1="0" m2="0" m3="0.0" m4="0.0" number="646" s="0" />
						<line f="0" m1="0" m2="0" m3="0.0" m4="0.0" number="651" s="0" />
						<line f="0" m1="0" m2="0" m3="0.0" m4="0.0" number="652" s="0" />
						<line f="2" m1="0.5" m2="0.632455532034" m3="1.25" m4="0.666666666667" number="654" s="3" />
						<line f="0" m1="0" m2="0" m3="0.0" m4="0.0" number="655" s="0" />
						<line f="0" m1="0" m2="0" m3="0.0" m4="0.0" number="656" s="0" />
						<line f="0" m1="0" m2="0" m3="0.0" m4="0.0" number="657" s="0" />
						<line f="0" m1="0" m2="0" m3="0.0" m4="0.0" number="658" s="0" />
						<line f="0" m1="0" m2="0" m3="0.0" m4="0.0" number="659" s="0" />
						<line f="0" m1="0" m2="0" m3="0.0" m4="0.0" number="660" s="0" />
						<line f="0" m1="0" m2="0" m3="0.0" m4="0.0" number="662" s="0" />
						<line f="0" m1="0" m2="0" m3="0.0" m4="0.0" number="663" s="0" />
						<line f="0" m1="0" m2="0" m3="0.0" m4="0.0" number="665" s="0" />
						<line f="0" m1="0" m2="0" m3="0.0" m4="0.0" number="666" s="0" />
						<line f="0" m1="0" m2="0" m3="0.0" m4="0.0" number="667" s="0" />
						<line f="0" m1="0" m2="0" m3="0.0" m4="0.0" number="669" s="0" />
						<line f="0" m1="0" m2="0" m3="0.0" m4="0.0" number="670" s="0" />
						<line f="0" m1="0" m2="0" m3="0.0" m4="0.0" number="671" s="0" />
						<line f="0" m1="0" m2="0" m3="0.0" m4="0.0" number="672" s="0" />
						<line f="0" m1="0" m2="0" m3="0.0" m4="0.0" number="673" s="0" />
						<line f="0" m1="0" m2="0" m3="0.0" m4="0.0" number="675" s="0" />
						<line f="2" m1="0.5" m2="0.632455532034" m3="1.25" m4="0.666666666667" number="677" s="3" />
						<line f="0" m1="0" m2="0" m3="0.0" m4="0.0" number="680" s="0" />
						<line f="0" m1="0" m2="0" m3="0.0" m4="0.0" number="681" s="0" />
						<line f="0" m1="0" m2="0" m3="0.0" m4="0.0" number="682" s="0" />
						<line f="0" m1="0" m2="0" m3="0.0" m4="0.0" number="683" s="0" />
						<line f="0" m1="0" m2="0" m3="0.0" m4="0.0" number="685" s="0" />
						<line f="0" m1="0" m2="0" m3="0.0" m4="0.0" number="686" s="0" />
						<line f="0" m1="0" m2="0" m3="0.0" m4="0.0" number="687" s="0" />
						<line f="0" m1="0" m2="0" m3="0.0" m4="0.0" number="688" s="0" />
						<line f="0" m1="0" m2="0" m3="0.0" m4="0.0" number="689" s="0" />
						<line f="0" m1="0" m2="0" m3="0.0" m4="0.0" number="690" s="0" />
						<line f="0" m1="0" m2="0" m3="0.0" m4="0.0" number="691" s="0" />
						<line f="0" m1="0" m2="0" m3="0.0" m4="0.0" number="692" s="0" />
						<line f="0" m1="0" m2="0" m3="0.0" m4="0.0" number="693" s="0" />
						<line f="0" m1="0" m2="0" m3="0.0" m4="0.0" number="695" s="0" />
						<line f="2" m1="0.5" m2="0.632455532034" m3="1.25" m4="0.666666666667" number="697" s="3" />
						<line f="0" m1="0" m2="0" m3="0.0" m4="0.0" number="698" s="0" />
						<line f="2" m1="0.5" m2="0.632455532034" m3="1.25" m4="0.666666666667" number="702" s="3" />
						<line f="0" m1="0" m2="0" m3="0.0" m4="0.0" number="703" s="0" />
						<line f="0" m1="0" m2="0" m3="0.0" m4="0.0" number="704" s="0" />
						<line f="0" m1="0" m2="0" m3="0.0" m4="0.0" number="705" s="0" />
						<line f="2" m1="0.5" m2="0.632455532034" m3="1.25" m4="0.666666666667" number="707" s="3" />
						<line f="0" m1="0" m2="0" m3="0.0" m4="0.0" number="708" s="0" />
						<line f="0" m1="0" m2="0" m3="0.0" m4="0.0" number="709" s="0" />
						<line f="0" m1="0" m2="0" m3="0.0" m4="0.0" number="710" s="0" />
						<line f="2" m1="0.5" m2="0.632455532034" m3="1.25" m4="0.666666666667" number="714" s="3" />
						<line f="2" m1="0.5" m2="0.632455532034" m3="1.25" m4="0.666666666667" number="716" s="3" />
						<line f="0" m1="0" m2="0" m3="0.0" m4="0.0" number="717" s="0" />
						<line f="0" m1="0" m2="0" m3="0.0" m4="0.0" number="718" s="0" />
						<line f="0" m1="0" m2="0" m3="0.0" m4="0.0" number="719" s="0" />
						<line f="2" m1="0.5" m2="0.632455532034" m3="1.25" m4="0.666666666667" number="721" s="3" />
						<line f="0" m1="0" m2="0" m3="0.0" m4="0.0" number="722" s="0" />
						<line f="0" m1="0" m2="0" m3="0.0" m4="0.0" number="723" s="0" />
						<line f="2" m1="0.5" m2="0.632455532034" m3="1.25" m4="0.666666666667" number="725" s="3" />
						<line f="0" m1="0" m2="0" m3="0.0" m4="0.0" number="726" s="0" />
						<line f="0" m1="0" m2="0" m3="0.0" m4="0.0" number="727" s="0" />
						<line f="2" m1="0.5" m2="0.632455532034" m3="1.25" m4="0.666666666667" number="729" s="3" />
						<line f="0" m1="0" m2="0" m3="0.0" m4="0.0" number="730" s="0" />
						<line f="2" m1="0.5" m2="0.632455532034" m3="1.25" m4="0.666666666667" number="732" s="3" />
						<line f="0" m1="0" m2="0" m3="0.0" m4="0.0" number="733" s="0" />
					</lines>
				</class>
				<class branch-rate="0" complexity="0" filename="xmls/parsers/xmlproc/errors.py" line-rate="0.9167" name="xmls/parsers/xmlproc/errors">
					<methods />
					<lines>
						<line f="2" m1="0.5" m2="0.632455532034" m3="1.25" m4="0.666666666667" number="5" s="3" />
						<line f="2" m1="0.5" m2="0.632455532034" m3="1.25" m4="0.666666666667" number="9" s="3" />
						<line f="2" m1="0.5" m2="0.632455532034" m3="1.25" m4="0.666666666667" number="11" s="3" />
						<line f="2" m1="0.5" m2="0.632455532034" m3="1.25" m4="0.666666666667" number="12" s="3" />
						<line f="2" m1="0.5" m2="0.632455532034" m3="1.25" m4="0.666666666667" number="14" s="3" />
						<line f="2" m1="0.5" m2="0.632455532034" m3="1.25" m4="0.666666666667" number="15" s="3" />
						<line f="2" m1="0.5" m2="0.632455532034" m3="1.25" m4="0.666666666667" number="17" s="3" />
						<line f="0" m1="0" m2="0" m3="0.0" m4="0.0" number="18" s="0" />
						<line f="2" m1="0.5" m2="0.632455532034" m3="1.25" m4="0.666666666667" number="22" s="3" />
						<line f="2" m1="0.5" m2="0.632455532034" m3="1.25" m4="0.666666666667" number="150" s="3" />
						<line f="2" m1="0.5" m2="0.632455532034" m3="1.25" m4="0.666666666667" number="276" s="3" />
						<line f="2" m1="0.5" m2="0.632455532034" m3="1.25" m4="0.666666666667" number="277" s="3" />
					</lines>
				</class>
				<class branch-rate="0" complexity="0" filename="xmls/parsers/xmlproc/utils.py" line-rate="0.3607" name="xmls/parsers/xmlproc/utils">
					<methods />
					<lines>
						<line f="2" m1="0.5" m2="0.632455532034" m3="1.25" m4="0.666666666667" number="7" s="3" />
						<line f="2" m1="0.5" m2="0.632455532034" m3="1.25" m4="0.666666666667" number="9" s="3" />
						<line f="2" m1="0.5" m2="0.632455532034" m3="1.25" m4="0.666666666667" number="13" s="3" />
						<line f="2" m1="0.5" m2="0.632455532034" m3="1.25" m4="0.666666666667" number="16" s="3" />
						<line f="0" m1="0" m2="0" m3="0.0" m4="0.0" number="17" s="0" />
						<line f="0" m1="0" m2="0" m3="0.0" m4="0.0" number="18" s="0" />
						<line f="0" m1="0" m2="0" m3="0.0" m4="0.0" number="19" s="0" />
						<line f="2" m1="0.5" m2="0.632455532034" m3="1.25" m4="0.666666666667" number="21" s="3" />
						<line f="0" m1="0" m2="0" m3="0.0" m4="0.0" number="22" s="0" />
						<line f="0" m1="0" m2="0" m3="0.0" m4="0.0" number="23" s="0" />
						<line f="2" m1="0.5" m2="0.632455532034" m3="1.25" m4="0.666666666667" number="25" s="3" />
						<line f="0" m1="0" m2="0" m3="0.0" m4="0.0" number="26" s="0" />
						<line f="0" m1="0" m2="0" m3="0.0" m4="0.0" number="27" s="0" />
						<line f="2" m1="0.5" m2="0.632455532034" m3="1.25" m4="0.666666666667" number="29" s="3" />
						<line f="0" m1="0" m2="0" m3="0.0" m4="0.0" number="30" s="0" />
						<line f="2" m1="0.5" m2="0.632455532034" m3="1.25" m4="0.666666666667" number="32" s="3" />
						<line f="0" m1="0" m2="0" m3="0.0" m4="0.0" number="33" s="0" />
						<line f="2" m1="0.5" m2="0.632455532034" m3="1.25" m4="0.666666666667" number="38" s="3" />
						<line f="2" m1="0.5" m2="0.632455532034" m3="1.25" m4="0.666666666667" number="41" s="3" />
						<line f="0" m1="0" m2="0" m3="0.0" m4="0.0" number="42" s="0" />
						<line f="2" m1="0.5" m2="0.632455532034" m3="1.25" m4="0.666666666667" number="44" s="3" />
						<line f="0" m1="0" m2="0" m3="0.0" m4="0.0" number="45" s="0" />
						<line f="0" m1="0" m2="0" m3="0.0" m4="0.0" number="46" s="0" />
						<line f="0" m1="0" m2="0" m3="0.0" m4="0.0" number="47" s="0" />
						<line f="2" m1="0.5" m2="0.632455532034" m3="1.25" m4="0.666666666667" number="49" s="3" />
						<line f="0" m1="0" m2="0" m3="0.0" m4="0.0" number="50" s="0" />
						<line f="2" m1="0.5" m2="0.632455532034" m3="1.25" m4="0.666666666667" number="52" s="3" />
						<line f="0" m1="0" m2="0" m3="0.0" m4="0.0" number="53" s="0" />
						<line f="2" m1="0.5" m2="0.632455532034" m3="1.25" m4="0.666666666667" number="55" s="3" />
						<line f="0" m1="0" m2="0" m3="0.0" m4="0.0" number="56" s="0" />
						<line f="2" m1="0.5" m2="0.632455532034" m3="1.25" m4="0.666666666667" number="60" s="3" />
						<line f="2" m1="0.5" m2="0.632455532034" m3="1.25" m4="0.666666666667" number="62" s="3" />
						<line f="0" m1="0" m2="0" m3="0.0" m4="0.0" number="63" s="0" />
						<line f="2" m1="0.5" m2="0.632455532034" m3="1.25" m4="0.666666666667" number="65" s="3" />
						<line f="0" m1="0" m2="0" m3="0.0" m4="0.0" number="66" s="0" />
						<line f="2" m1="0.5" m2="0.632455532034" m3="1.25" m4="0.666666666667" number="68" s="3" />
						<line f="0" m1="0" m2="0" m3="0.0" m4="0.0" number="69" s="0" />
						<line f="0" m1="0" m2="0" m3="0.0" m4="0.0" number="70" s="0" />
						<line f="0" m1="0" m2="0" m3="0.0" m4="0.0" number="71" s="0" />
						<line f="2" m1="0.5" m2="0.632455532034" m3="1.25" m4="0.666666666667" number="73" s="3" />
						<line f="0" m1="0" m2="0" m3="0.0" m4="0.0" number="74" s="0" />
						<line f="2" m1="0.5" m2="0.632455532034" m3="1.25" m4="0.666666666667" number="76" s="3" />
						<line f="0" m1="0" m2="0" m3="0.0" m4="0.0" number="77" s="0" />
						<line f="2" m1="0.5" m2="0.632455532034" m3="1.25" m4="0.666666666667" number="81" s="3" />
						<line f="2" m1="0.5" m2="0.632455532034" m3="1.25" m4="0.666666666667" number="83" s="3" />
						<line f="0" m1="0" m2="0" m3="0.0" m4="0.0" number="84" s="0" />
						<line f="0" m1="0" m2="0" m3="0.0" m4="0.0" number="85" s="0" />
						<line f="2" m1="0.5" m2="0.632455532034" m3="1.25" m4="0.666666666667" number="87" s="3" />
						<line f="0" m1="0" m2="0" m3="0.0" m4="0.0" number="88" s="0" />
						<line f="0" m1="0" m2="0" m3="0.0" m4="0.0" number="89" s="0" />
						<line f="2" m1="0.5" m2="0.632455532034" m3="1.25" m4="0.666666666667" number="91" s="3" />
						<line f="0" m1="0" m2="0" m3="0.0" m4="0.0" number="92" s="0" />
						<line f="0" m1="0" m2="0" m3="0.0" m4="0.0" number="94" s="0" />
						<line f="0" m1="0" m2="0" m3="0.0" m4="0.0" number="95" s="0" />
						<line f="0" m1="0" m2="0" m3="0.0" m4="0.0" number="97" s="0" />
						<line f="0" m1="0" m2="0" m3="0.0" m4="0.0" number="98" s="0" />
						<line f="0" m1="0" m2="0" m3="0.0" m4="0.0" number="99" s="0" />
						<line f="0" m1="0" m2="0" m3="0.0" m4="0.0" number="100" s="0" />
						<line f="0" m1="0" m2="0" m3="0.0" m4="0.0" number="101" s="0" />
						<line f="0" m1="0" m2="0" m3="0.0" m4="0.0" number="102" s="0" />
						<line f="2" m1="0.5" m2="0.632455532034" m3="1.25" m4="0.666666666667" number="104" s="3" />
						<line f="0" m1="0" m2="0" m3="0.0" m4="0.0" number="105" s="0" />
						<line f="0" m1="0" m2="0" m3="0.0" m4="0.0" number="106" s="0" />
						<line f="2" m1="0.5" m2="0.632455532034" m3="1.25" m4="0.666666666667" number="108" s="3" />
						<line f="0" m1="0" m2="0" m3="0.0" m4="0.0" number="109" s="0" />
						<line f="2" m1="0.5" m2="0.632455532034" m3="1.25" m4="0.666666666667" number="111" s="3" />
						<line f="0" m1="0" m2="0" m3="0.0" m4="0.0" number="112" s="0" />
						<line f="0" m1="0" m2="0" m3="0.0" m4="0.0" number="113" s="0" />
						<line f="2" m1="0.5" m2="0.632455532034" m3="1.25" m4="0.666666666667" number="115" s="3" />
						<line f="0" m1="0" m2="0" m3="0.0" m4="0.0" number="116" s="0" />
						<line f="0" m1="0" m2="0" m3="0.0" m4="0.0" number="117" s="0" />
						<line f="0" m1="0" m2="0" m3="0.0" m4="0.0" number="118" s="0" />
						<line f="0" m1="0" m2="0" m3="0.0" m4="0.0" number="119" s="0" />
						<line f="0" m1="0" m2="0" m3="0.0" m4="0.0" number="120" s="0" />
						<line f="0" m1="0" m2="0" m3="0.0" m4="0.0" number="121" s="0" />
						<line f="0" m1="0" m2="0" m3="0.0" m4="0.0" number="122" s="0" />
						<line f="0" m1="0" m2="0" m3="0.0" m4="0.0" number="123" s="0" />
						<line f="2" m1="0.5" m2="0.632455532034" m3="1.25" m4="0.666666666667" number="127" s="3" />
						<line f="0" m1="0" m2="0" m3="0.0" m4="0.0" number="128" s="0" />
						<line f="2" m1="0.5" m2="0.632455532034" m3="1.25" m4="0.666666666667" number="130" s="3" />
						<line f="0" m1="0" m2="0" m3="0.0" m4="0.0" number="131" s="0" />
						<line f="2" m1="0.5" m2="0.632455532034" m3="1.25" m4="0.666666666667" number="134" s="3" />
						<line f="2" m1="0.5" m2="0.632455532034" m3="1.25" m4="0.666666666667" number="136" s="3" />
						<line f="0" m1="0" m2="0" m3="0.0" m4="0.0" number="137" s="0" />
						<line f="2" m1="0.5" m2="0.632455532034" m3="1.25" m4="0.666666666667" number="139" s="3" />
						<line f="0" m1="0" m2="0" m3="0.0" m4="0.0" number="140" s="0" />
						<line f="2" m1="0.5" m2="0.632455532034" m3="1.25" m4="0.666666666667" number="142" s="3" />
						<line f="0" m1="0" m2="0" m3="0.0" m4="0.0" number="143" s="0" />
						<line f="0" m1="0" m2="0" m3="0.0" m4="0.0" number="144" s="0" />
						<line f="0" m1="0" m2="0" m3="0.0" m4="0.0" number="145" s="0" />
						<line f="0" m1="0" m2="0" m3="0.0" m4="0.0" number="146" s="0" />
						<line f="2" m1="0.5" m2="0.632455532034" m3="1.25" m4="0.666666666667" number="148" s="3" />
						<line f="0" m1="0" m2="0" m3="0.0" m4="0.0" number="149" s="0" />
						<line f="2" m1="0.5" m2="0.632455532034" m3="1.25" m4="0.666666666667" number="151" s="3" />
						<line f="0" m1="0" m2="0" m3="0.0" m4="0.0" number="152" s="0" />
						<line f="2" m1="0.5" m2="0.632455532034" m3="1.25" m4="0.666666666667" number="154" s="3" />
						<line f="0" m1="0" m2="0" m3="0.0" m4="0.0" number="155" s="0" />
						<line f="2" m1="0.5" m2="0.632455532034" m3="1.25" m4="0.666666666667" number="159" s="3" />
						<line f="2" m1="0.5" m2="0.632455532034" m3="1.25" m4="0.666666666667" number="161" s="3" />
						<line f="0" m1="0" m2="0" m3="0.0" m4="0.0" number="162" s="0" />
						<line f="0" m1="0" m2="0" m3="0.0" m4="0.0" number="163" s="0" />
						<line f="0" m1="0" m2="0" m3="0.0" m4="0.0" number="165" s="0" />
						<line f="2" m1="0.5" m2="0.632455532034" m3="1.25" m4="0.666666666667" number="167" s="3" />
						<line f="0" m1="0" m2="0" m3="0.0" m4="0.0" number="168" s="0" />
						<line f="2" m1="0.5" m2="0.632455532034" m3="1.25" m4="0.666666666667" number="170" s="3" />
						<line f="0" m1="0" m2="0" m3="0.0" m4="0.0" number="171" s="0" />
						<line f="2" m1="0.5" m2="0.632455532034" m3="1.25" m4="0.666666666667" number="173" s="3" />
						<line f="0" m1="0" m2="0" m3="0.0" m4="0.0" number="174" s="0" />
						<line f="2" m1="0.5" m2="0.632455532034" m3="1.25" m4="0.666666666667" number="178" s="3" />
						<line f="0" m1="0" m2="0" m3="0.0" m4="0.0" number="179" s="0" />
						<line f="0" m1="0" m2="0" m3="0.0" m4="0.0" number="181" s="0" />
						<line f="0" m1="0" m2="0" m3="0.0" m4="0.0" number="182" s="0" />
						<line f="0" m1="0" m2="0" m3="0.0" m4="0.0" number="183" s="0" />
						<line f="0" m1="0" m2="0" m3="0.0" m4="0.0" number="184" s="0" />
						<line f="0" m1="0" m2="0" m3="0.0" m4="0.0" number="186" s="0" />
						<line f="2" m1="0.5" m2="0.632455532034" m3="1.25" m4="0.666666666667" number="188" s="3" />
						<line f="0" m1="0" m2="0" m3="0.0" m4="0.0" number="189" s="0" />
						<line f="0" m1="0" m2="0" m3="0.0" m4="0.0" number="191" s="0" />
						<line f="0" m1="0" m2="0" m3="0.0" m4="0.0" number="192" s="0" />
						<line f="0" m1="0" m2="0" m3="0.0" m4="0.0" number="193" s="0" />
						<line f="0" m1="0" m2="0" m3="0.0" m4="0.0" number="194" s="0" />
						<line f="0" m1="0" m2="0" m3="0.0" m4="0.0" number="196" s="0" />
					</lines>
				</class>
				<class branch-rate="0" complexity="0" filename="xmls/parsers/xmlproc/xmlapp.py" line-rate="0.6556" name="xmls/parsers/xmlproc/xmlapp">
					<methods />
					<lines>
						<line f="2" m1="0.5" m2="0.632455532034" m3="1.25" m4="0.666666666667" number="11" s="3" />
						<line f="2" m1="0.5" m2="0.632455532034" m3="1.25" m4="0.666666666667" number="13" s="3" />
						<line f="2" m1="0.5" m2="0.632455532034" m3="1.25" m4="0.666666666667" number="19" s="3" />
						<line f="2" m1="0.5" m2="0.632455532034" m3="1.25" m4="0.666666666667" number="23" s="3" />
						<line f="2" m1="0.5" m2="0.632455532034" m3="1.25" m4="0.666666666667" number="24" s="3" />
						<line f="2" m1="0.5" m2="0.632455532034" m3="1.25" m4="0.666666666667" number="26" s="3" />
						<line f="2" m1="0.5" m2="0.632455532034" m3="1.25" m4="0.666666666667" number="29" s="3" />
						<line f="2" m1="0.5" m2="0.632455532034" m3="1.25" m4="0.666666666667" number="31" s="3" />
						<line f="2" m1="0.5" m2="0.632455532034" m3="1.25" m4="0.666666666667" number="33" s="3" />
						<line f="2" m1="0.5" m2="0.632455532034" m3="1.25" m4="0.666666666667" number="35" s="3" />
						<line f="0" m1="0" m2="0" m3="-0.75" m4="0.0" number="37" s="3" />
						<line f="2" m1="0.5" m2="0.632455532034" m3="1.25" m4="0.666666666667" number="39" s="3" />
						<line f="0" m1="0" m2="0" m3="-0.75" m4="0.0" number="41" s="3" />
						<line f="2" m1="0.5" m2="0.632455532034" m3="1.25" m4="0.666666666667" number="43" s="3" />
						<line f="1" m1="0.333333333333" m2="0.353553390593" m3="0.25" m4="0.25" number="45" s="3" />
						<line f="2" m1="0.5" m2="0.632455532034" m3="1.25" m4="0.666666666667" number="47" s="3" />
						<line f="1" m1="0.333333333333" m2="0.353553390593" m3="0.25" m4="0.25" number="49" s="3" />
						<line f="2" m1="0.5" m2="0.632455532034" m3="1.25" m4="0.666666666667" number="51" s="3" />
						<line f="1" m1="0.333333333333" m2="0.353553390593" m3="0.25" m4="0.25" number="53" s="3" />
						<line f="2" m1="0.5" m2="0.632455532034" m3="1.25" m4="0.666666666667" number="55" s="3" />
						<line f="0" m1="0" m2="0" m3="0.0" m4="0.0" number="57" s="0" />
						<line f="2" m1="0.5" m2="0.632455532034" m3="1.25" m4="0.666666666667" number="59" s="3" />
						<line f="0" m1="0" m2="0" m3="0.0" m4="0.0" number="61" s="0" />
						<line f="2" m1="0.5" m2="0.632455532034" m3="1.25" m4="0.666666666667" number="63" s="3" />
						<line f="1" m1="0.428571428571" m2="0.408248290464" m3="0.5" m4="0.333333333333" number="65" s="2" />
						<line f="2" m1="0.5" m2="0.632455532034" m3="1.25" m4="0.666666666667" number="67" s="3" />
						<line f="1" m1="0.333333333333" m2="0.353553390593" m3="0.25" m4="0.25" number="71" s="3" />
						<line f="2" m1="0.5" m2="0.632455532034" m3="1.25" m4="0.666666666667" number="77" s="3" />
						<line f="2" m1="0.5" m2="0.632455532034" m3="1.25" m4="0.666666666667" number="81" s="3" />
						<line f="0" m1="0" m2="0" m3="0.0" m4="0.0" number="85" s="0" />
						<line f="2" m1="0.5" m2="0.632455532034" m3="1.25" m4="0.666666666667" number="87" s="3" />
						<line f="0" m1="0" m2="0" m3="0.0" m4="0.0" number="91" s="0" />
						<line f="2" m1="0.5" m2="0.632455532034" m3="1.25" m4="0.666666666667" number="93" s="3" />
						<line f="0" m1="0" m2="0" m3="0.0" m4="0.0" number="97" s="0" />
						<line f="2" m1="0.5" m2="0.632455532034" m3="1.25" m4="0.666666666667" number="103" s="3" />
						<line f="2" m1="0.5" m2="0.632455532034" m3="1.25" m4="0.666666666667" number="107" s="3" />
						<line f="2" m1="0.5" m2="0.632455532034" m3="1.25" m4="0.666666666667" number="108" s="3" />
						<line f="2" m1="0.5" m2="0.632455532034" m3="1.25" m4="0.666666666667" number="110" s="3" />
						<line f="0" m1="0" m2="0" m3="0.0" m4="0.0" number="111" s="0" />
						<line f="2" m1="0.5" m2="0.632455532034" m3="1.25" m4="0.666666666667" number="113" s="3" />
						<line f="0" m1="0" m2="0" m3="0.0" m4="0.0" number="114" s="0" />
						<line f="2" m1="0.5" m2="0.632455532034" m3="1.25" m4="0.666666666667" number="116" s="3" />
						<line f="0" m1="0" m2="0" m3="0.0" m4="0.0" number="118" s="0" />
						<line f="2" m1="0.5" m2="0.632455532034" m3="1.25" m4="0.666666666667" number="120" s="3" />
						<line f="0" m1="0" m2="0" m3="0.0" m4="0.0" number="121" s="0" />
						<line f="2" m1="0.5" m2="0.632455532034" m3="1.25" m4="0.666666666667" number="126" s="3" />
						<line f="0" m1="0" m2="0" m3="0.0" m4="0.0" number="128" s="0" />
						<line f="0" m1="0" m2="0" m3="0.0" m4="0.0" number="129" s="0" />
						<line f="0" m1="0" m2="0" m3="0.0" m4="0.0" number="131" s="0" />
						<line f="0" m1="0" m2="0" m3="0.0" m4="0.0" number="134" s="0" />
						<line f="0" m1="0" m2="0" m3="0.0" m4="0.0" number="136" s="0" />
						<line f="2" m1="0.5" m2="0.632455532034" m3="1.25" m4="0.666666666667" number="142" s="3" />
						<line f="2" m1="0.5" m2="0.632455532034" m3="1.25" m4="0.666666666667" number="145" s="3" />
						<line f="2" m1="0.5" m2="0.632455532034" m3="1.25" m4="0.666666666667" number="146" s="3" />
						<line f="2" m1="0.5" m2="0.632455532034" m3="1.25" m4="0.666666666667" number="148" s="3" />
						<line f="0" m1="0" m2="0" m3="0.0" m4="0.0" number="154" s="0" />
						<line f="0" m1="0" m2="0" m3="0.0" m4="0.0" number="155" s="0" />
						<line f="0" m1="0" m2="0" m3="0.0" m4="0.0" number="156" s="0" />
						<line f="0" m1="0" m2="0" m3="0.0" m4="0.0" number="157" s="0" />
						<line f="0" m1="0" m2="0" m3="0.0" m4="0.0" number="158" s="0" />
						<line f="2" m1="0.5" m2="0.632455532034" m3="1.25" m4="0.666666666667" number="164" s="3" />
						<line f="2" m1="0.5" m2="0.632455532034" m3="1.25" m4="0.666666666667" number="168" s="3" />
						<line f="2" m1="0.5" m2="0.632455532034" m3="1.25" m4="0.666666666667" number="169" s="3" />
						<line f="2" m1="0.5" m2="0.632455532034" m3="1.25" m4="0.666666666667" number="171" s="3" />
						<line f="1" m1="0.428571428571" m2="0.408248290464" m3="0.5" m4="0.333333333333" number="173" s="2" />
						<line f="2" m1="0.5" m2="0.632455532034" m3="1.25" m4="0.666666666667" number="175" s="3" />
						<line f="1" m1="0.428571428571" m2="0.408248290464" m3="0.5" m4="0.333333333333" number="177" s="2" />
						<line f="2" m1="0.5" m2="0.632455532034" m3="1.25" m4="0.666666666667" number="179" s="3" />
						<line f="2" m1="0.5" m2="0.632455532034" m3="1.25" m4="0.666666666667" number="181" s="3" />
						<line f="2" m1="0.5" m2="0.632455532034" m3="1.25" m4="0.666666666667" number="183" s="3" />
						<line f="0" m1="0" m2="0" m3="0.0" m4="0.0" number="186" s="0" />
						<line f="2" m1="0.5" m2="0.632455532034" m3="1.25" m4="0.666666666667" number="188" s="3" />
						<line f="0" m1="0" m2="0" m3="0.0" m4="0.0" number="190" s="0" />
						<line f="2" m1="0.5" m2="0.632455532034" m3="1.25" m4="0.666666666667" number="192" s="3" />
						<line f="0" m1="0" m2="0" m3="0.0" m4="0.0" number="194" s="0" />
						<line f="2" m1="0.5" m2="0.632455532034" m3="1.25" m4="0.666666666667" number="196" s="3" />
						<line f="0" m1="0" m2="0" m3="0.0" m4="0.0" number="198" s="0" />
						<line f="2" m1="0.5" m2="0.632455532034" m3="1.25" m4="0.666666666667" number="200" s="3" />
						<line f="0" m1="0" m2="0" m3="0.0" m4="0.0" number="202" s="0" />
						<line f="2" m1="0.5" m2="0.632455532034" m3="1.25" m4="0.666666666667" number="204" s="3" />
						<line f="0" m1="0" m2="0" m3="0.0" m4="0.0" number="206" s="0" />
						<line f="2" m1="0.5" m2="0.632455532034" m3="1.25" m4="0.666666666667" number="208" s="3" />
						<line f="0" m1="0" m2="0" m3="0.0" m4="0.0" number="210" s="0" />
						<line f="2" m1="0.5" m2="0.632455532034" m3="1.25" m4="0.666666666667" number="212" s="3" />
						<line f="0" m1="0" m2="0" m3="0.0" m4="0.0" number="214" s="0" />
						<line f="2" m1="0.5" m2="0.632455532034" m3="1.25" m4="0.666666666667" number="220" s="3" />
						<line f="2" m1="0.5" m2="0.632455532034" m3="1.25" m4="0.666666666667" number="223" s="3" />
						<line f="2" m1="0.5" m2="0.632455532034" m3="1.25" m4="0.666666666667" number="224" s="3" />
						<line f="0" m1="0" m2="0" m3="0.0" m4="0.0" number="225" s="0" />
						<line f="2" m1="0.5" m2="0.632455532034" m3="1.25" m4="0.666666666667" number="227" s="3" />
					</lines>
				</class>
				<class branch-rate="0" complexity="0" filename="xmls/parsers/xmlproc/xmldtd.py" line-rate="0.2495" name="xmls/parsers/xmlproc/xmldtd">
					<methods />
					<lines>
						<line f="2" m1="0.5" m2="0.632455532034" m3="1.25" m4="0.666666666667" number="10" s="3" />
						<line f="2" m1="0.5" m2="0.632455532034" m3="1.25" m4="0.666666666667" number="12" s="3" />
						<line f="2" m1="0.5" m2="0.632455532034" m3="1.25" m4="0.666666666667" number="13" s="3" />
						<line f="2" m1="0.5" m2="0.632455532034" m3="1.25" m4="0.666666666667" number="19" s="3" />
						<line f="2" m1="0.5" m2="0.632455532034" m3="1.25" m4="0.666666666667" number="22" s="3" />
						<line f="2" m1="0.5" m2="0.632455532034" m3="1.25" m4="0.666666666667" number="23" s="3" />
						<line f="2" m1="0.5" m2="0.632455532034" m3="1.25" m4="0.666666666667" number="24" s="3" />
						<line f="2" m1="0.5" m2="0.632455532034" m3="1.25" m4="0.666666666667" number="25" s="3" />
						<line f="2" m1="0.5" m2="0.632455532034" m3="1.25" m4="0.666666666667" number="27" s="3" />
						<line f="2" m1="0.5" m2="0.632455532034" m3="1.25" m4="0.666666666667" number="29" s="3" />
						<line f="2" m1="0.5" m2="0.632455532034" m3="1.25" m4="0.666666666667" number="30" s="3" />
						<line f="2" m1="0.5" m2="0.632455532034" m3="1.25" m4="0.666666666667" number="31" s="3" />
						<line f="2" m1="0.5" m2="0.632455532034" m3="1.25" m4="0.666666666667" number="32" s="3" />
						<line f="2" m1="0.5" m2="0.632455532034" m3="1.25" m4="0.666666666667" number="33" s="3" />
						<line f="2" m1="0.5" m2="0.632455532034" m3="1.25" m4="0.666666666667" number="36" s="3" />
						<line f="2" m1="0.5" m2="0.632455532034" m3="1.25" m4="0.666666666667" number="37" s="3" />
						<line f="2" m1="0.5" m2="0.632455532034" m3="1.25" m4="0.666666666667" number="39" s="3" />
						<line f="0" m1="0" m2="0" m3="0.0" m4="0.0" number="41" s="0" />
						<line f="2" m1="0.5" m2="0.632455532034" m3="1.25" m4="0.666666666667" number="43" s="3" />
						<line f="0" m1="0" m2="0" m3="0.0" m4="0.0" number="46" s="0" />
						<line f="2" m1="0.5" m2="0.632455532034" m3="1.25" m4="0.666666666667" number="48" s="3" />
						<line f="0" m1="0" m2="0" m3="0.0" m4="0.0" number="51" s="0" />
						<line f="2" m1="0.5" m2="0.632455532034" m3="1.25" m4="0.666666666667" number="53" s="3" />
						<line f="0" m1="0" m2="0" m3="0.0" m4="0.0" number="55" s="0" />
						<line f="2" m1="0.5" m2="0.632455532034" m3="1.25" m4="0.666666666667" number="57" s="3" />
						<line f="0" m1="0" m2="0" m3="0.0" m4="0.0" number="59" s="0" />
						<line f="2" m1="0.5" m2="0.632455532034" m3="1.25" m4="0.666666666667" number="61" s="3" />
						<line f="0" m1="0" m2="0" m3="0.0" m4="0.0" number="64" s="0" />
						<line f="2" m1="0.5" m2="0.632455532034" m3="1.25" m4="0.666666666667" number="66" s="3" />
						<line f="0" m1="0" m2="0" m3="0.0" m4="0.0" number="68" s="0" />
						<line f="2" m1="0.5" m2="0.632455532034" m3="1.25" m4="0.666666666667" number="70" s="3" />
						<line f="0" m1="0" m2="0" m3="0.0" m4="0.0" number="73" s="0" />
						<line f="2" m1="0.5" m2="0.632455532034" m3="1.25" m4="0.666666666667" number="75" s="3" />
						<line f="0" m1="0" m2="0" m3="0.0" m4="0.0" number="77" s="0" />
						<line f="2" m1="0.5" m2="0.632455532034" m3="1.25" m4="0.666666666667" number="79" s="3" />
						<line f="0" m1="0" m2="0" m3="0.0" m4="0.0" number="82" s="0" />
						<line f="2" m1="0.5" m2="0.632455532034" m3="1.25" m4="0.666666666667" number="86" s="3" />
						<line f="1" m1="0.428571428571" m2="0.408248290464" m3="0.5" m4="0.333333333333" number="88" s="2" />
						<line f="1" m1="0.428571428571" m2="0.408248290464" m3="0.5" m4="0.333333333333" number="89" s="2" />
						<line f="0" m1="0" m2="0" m3="0.0" m4="0.0" number="90" s="0" />
						<line f="1" m1="0.428571428571" m2="0.408248290464" m3="0.5" m4="0.333333333333" number="93" s="2" />
						<line f="2" m1="0.5" m2="0.632455532034" m3="1.25" m4="0.666666666667" number="95" s="3" />
						<line f="0" m1="0" m2="0" m3="0.0" m4="0.0" number="96" s="0" />
						<line f="2" m1="0.5" m2="0.632455532034" m3="1.25" m4="0.666666666667" number="100" s="3" />
						<line f="0" m1="0" m2="0" m3="0.0" m4="0.0" number="102" s="0" />
						<line f="0" m1="0" m2="0" m3="0.0" m4="0.0" number="104" s="0" />
						<line f="0" m1="0" m2="0" m3="0.0" m4="0.0" number="105" s="0" />
						<line f="0" m1="0" m2="0" m3="0.0" m4="0.0" number="107" s="0" />
						<line f="2" m1="0.5" m2="0.632455532034" m3="1.25" m4="0.666666666667" number="111" s="3" />
						<line f="1" m1="0.428571428571" m2="0.408248290464" m3="0.5" m4="0.333333333333" number="112" s="2" />
						<line f="2" m1="0.5" m2="0.632455532034" m3="1.25" m4="0.666666666667" number="116" s="3" />
						<line f="0" m1="0" m2="0" m3="0.0" m4="0.0" number="117" s="0" />
						<line f="2" m1="0.5" m2="0.632455532034" m3="1.25" m4="0.666666666667" number="119" s="3" />
						<line f="0" m1="0" m2="0" m3="0.0" m4="0.0" number="120" s="0" />
						<line f="2" m1="0.5" m2="0.632455532034" m3="1.25" m4="0.666666666667" number="122" s="3" />
						<line f="2" m1="0.5" m2="0.632455532034" m3="1.25" m4="0.666666666667" number="123" s="3" />
						<line f="0" m1="0" m2="0" m3="0.0" m4="0.0" number="125" s="0" />
						<line f="2" m1="0.5" m2="0.632455532034" m3="1.25" m4="0.666666666667" number="127" s="3" />
						<line f="2" m1="0.5" m2="0.632455532034" m3="1.25" m4="0.666666666667" number="128" s="3" />
						<line f="2" m1="0.5" m2="0.632455532034" m3="1.25" m4="0.666666666667" number="129" s="3" />
						<line f="2" m1="0.5" m2="0.632455532034" m3="1.25" m4="0.666666666667" number="131" s="3" />
						<line f="0" m1="0" m2="0" m3="0.0" m4="0.0" number="132" s="0" />
						<line f="0" m1="0" m2="0" m3="0.0" m4="0.0" number="134" s="0" />
						<line f="0" m1="0" m2="0" m3="0.0" m4="0.0" number="136" s="0" />
						<line f="0" m1="0" m2="0" m3="0.0" m4="0.0" number="137" s="0" />
						<line f="0" m1="0" m2="0" m3="0.0" m4="0.0" number="138" s="0" />
						<line f="2" m1="0.5" m2="0.632455532034" m3="1.25" m4="0.666666666667" number="140" s="3" />
						<line f="0" m1="0" m2="0" m3="0.0" m4="0.0" number="141" s="0" />
						<line f="0" m1="0" m2="0" m3="0.0" m4="0.0" number="143" s="0" />
						<line f="0" m1="0" m2="0" m3="0.0" m4="0.0" number="145" s="0" />
						<line f="0" m1="0" m2="0" m3="0.0" m4="0.0" number="146" s="0" />
						<line f="0" m1="0" m2="0" m3="0.0" m4="0.0" number="147" s="0" />
						<line f="0" m1="0" m2="0" m3="0.0" m4="0.0" number="149" s="0" />
						<line f="0" m1="0" m2="0" m3="0.0" m4="0.0" number="150" s="0" />
						<line f="0" m1="0" m2="0" m3="0.0" m4="0.0" number="151" s="0" />
						<line f="2" m1="0.5" m2="0.632455532034" m3="1.25" m4="0.666666666667" number="153" s="3" />
						<line f="0" m1="0" m2="0" m3="0.0" m4="0.0" number="154" s="0" />
						<line f="0" m1="0" m2="0" m3="0.0" m4="0.0" number="156" s="0" />
						<line f="0" m1="0" m2="0" m3="0.0" m4="0.0" number="158" s="0" />
						<line f="0" m1="0" m2="0" m3="0.0" m4="0.0" number="159" s="0" />
						<line f="0" m1="0" m2="0" m3="0.0" m4="0.0" number="160" s="0" />
						<line f="2" m1="0.5" m2="0.632455532034" m3="1.25" m4="0.666666666667" number="162" s="3" />
						<line f="0" m1="0" m2="0" m3="0.0" m4="0.0" number="163" s="0" />
						<line f="2" m1="0.5" m2="0.632455532034" m3="1.25" m4="0.666666666667" number="165" s="3" />
						<line f="0" m1="0" m2="0" m3="0.0" m4="0.0" number="166" s="0" />
						<line f="2" m1="0.5" m2="0.632455532034" m3="1.25" m4="0.666666666667" number="168" s="3" />
[...]
						<line f="1" m1="0.333333333333" m2="0.353553390593" m3="0.25" m4="0.25" number="504" s="3" />
						<line f="1" m1="0.333333333333" m2="0.353553390593" m3="0.25" m4="0.25" number="505" s="3" />
						<line f="1" m1="0.333333333333" m2="0.353553390593" m3="0.25" m4="0.25" number="506" s="3" />
						<line f="1" m1="0.333333333333" m2="0.353553390593" m3="0.25" m4="0.25" number="508" s="3" />
						<line f="1" m1="0.333333333333" m2="0.353553390593" m3="0.25" m4="0.25" number="509" s="3" />
						<line f="0" m1="0" m2="0" m3="0.0" m4="0.0" number="510" s="0" />
						<line f="1" m1="0.333333333333" m2="0.353553390593" m3="0.25" m4="0.25" number="511" s="3" />
						<line f="0" m1="0" m2="0" m3="0.0" m4="0.0" number="512" s="0" />
						<line f="1" m1="0.333333333333" m2="0.353553390593" m3="0.25" m4="0.25" number="514" s="3" />
						<line f="0" m1="0" m2="0" m3="0.0" m4="0.0" number="515" s="0" />
						<line f="1" m1="0.333333333333" m2="0.353553390593" m3="0.25" m4="0.25" number="516" s="3" />
						<line f="0" m1="0" m2="0" m3="0.0" m4="0.0" number="517" s="0" />
						<line f="0" m1="0" m2="0" m3="0.0" m4="0.0" number="518" s="0" />
						<line f="1" m1="0.333333333333" m2="0.353553390593" m3="0.25" m4="0.25" number="520" s="3" />
						<line f="1" m1="1.0" m2="0.707106781187" m3="1.0" m4="1.0" number="521" s="0" />
						<line f="1" m1="1.0" m2="0.707106781187" m3="1.0" m4="1.0" number="522" s="0" />
						<line f="1" m1="1.0" m2="0.707106781187" m3="1.0" m4="1.0" number="523" s="0" />
						<line f="1" m1="1.0" m2="0.707106781187" m3="1.0" m4="1.0" number="524" s="0" />
						<line f="1" m1="1.0" m2="0.707106781187" m3="1.0" m4="1.0" number="525" s="0" />
						<line f="0" m1="0" m2="0" m3="0.0" m4="0.0" number="526" s="0" />
						<line f="1" m1="1.0" m2="0.707106781187" m3="1.0" m4="1.0" number="529" s="0" />
						<line f="1" m1="1.0" m2="0.707106781187" m3="1.0" m4="1.0" number="530" s="0" />
						<line f="0" m1="0" m2="0" m3="0.0" m4="0.0" number="533" s="0" />
						<line f="1" m1="1.0" m2="0.707106781187" m3="1.0" m4="1.0" number="535" s="0" />
						<line f="1" m1="0.333333333333" m2="0.353553390593" m3="0.25" m4="0.25" number="537" s="3" />
						<line f="0" m1="0" m2="0" m3="0.0" m4="0.0" number="538" s="0" />
						<line f="0" m1="0" m2="0" m3="0.0" m4="0.0" number="539" s="0" />
						<line f="0" m1="0" m2="0" m3="0.0" m4="0.0" number="540" s="0" />
						<line f="0" m1="0" m2="0" m3="0.0" m4="0.0" number="542" s="0" />
						<line f="0" m1="0" m2="0" m3="0.0" m4="0.0" number="543" s="0" />
						<line f="0" m1="0" m2="0" m3="0.0" m4="0.0" number="544" s="0" />
						<line f="0" m1="0" m2="0" m3="0.0" m4="0.0" number="545" s="0" />
						<line f="0" m1="0" m2="0" m3="0.0" m4="0.0" number="546" s="0" />
						<line f="0" m1="0" m2="0" m3="0.0" m4="0.0" number="547" s="0" />
						<line f="0" m1="0" m2="0" m3="0.0" m4="0.0" number="549" s="0" />
						<line f="0" m1="0" m2="0" m3="0.0" m4="0.0" number="551" s="0" />
						<line f="1" m1="0.333333333333" m2="0.353553390593" m3="0.25" m4="0.25" number="553" s="3" />
						<line f="1" m1="0.333333333333" m2="0.353553390593" m3="0.25" m4="0.25" number="555" s="3" />
						<line f="1" m1="0.333333333333" m2="0.353553390593" m3="0.25" m4="0.25" number="556" s="3" />
						<line f="2" m1="0.5" m2="0.632455532034" m3="1.25" m4="0.666666666667" number="558" s="3" />
						<line f="1" m1="0.333333333333" m2="0.353553390593" m3="0.25" m4="0.25" number="561" s="3" />
						<line f="1" m1="0.333333333333" m2="0.353553390593" m3="0.25" m4="0.25" number="563" s="3" />
						<line f="1" m1="0.333333333333" m2="0.353553390593" m3="0.25" m4="0.25" number="564" s="3" />
						<line f="1" m1="0.333333333333" m2="0.353553390593" m3="0.25" m4="0.25" number="565" s="3" />
						<line f="0" m1="0" m2="0" m3="0.0" m4="0.0" number="567" s="0" />
						<line f="1" m1="0.333333333333" m2="0.353553390593" m3="0.25" m4="0.25" number="569" s="3" />
						<line f="0" m1="0" m2="0" m3="0.0" m4="0.0" number="570" s="0" />
						<line f="1" m1="0.333333333333" m2="0.353553390593" m3="0.25" m4="0.25" number="571" s="3" />
						<line f="0" m1="0" m2="0" m3="0.0" m4="0.0" number="573" s="0" />
						<line f="0" m1="0" m2="0" m3="0.0" m4="0.0" number="574" s="0" />
						<line f="0" m1="0" m2="0" m3="0.0" m4="0.0" number="576" s="0" />
						<line f="0" m1="0" m2="0" m3="0.0" m4="0.0" number="577" s="0" />
						<line f="0" m1="0" m2="0" m3="0.0" m4="0.0" number="579" s="0" />
						<line f="0" m1="0" m2="0" m3="0.0" m4="0.0" number="580" s="0" />
						<line f="0" m1="0" m2="0" m3="0.0" m4="0.0" number="581" s="0" />
						<line f="0" m1="0" m2="0" m3="0.0" m4="0.0" number="582" s="0" />
						<line f="0" m1="0" m2="0" m3="0.0" m4="0.0" number="583" s="0" />
						<line f="0" m1="0" m2="0" m3="0.0" m4="0.0" number="585" s="0" />
						<line f="2" m1="0.5" m2="0.632455532034" m3="1.25" m4="0.666666666667" number="587" s="3" />
						<line f="0" m1="0" m2="0" m3="-0.75" m4="0.0" number="589" s="3" />
						<line f="0" m1="0" m2="0" m3="-0.75" m4="0.0" number="590" s="3" />
						<line f="0" m1="0" m2="0" m3="0.0" m4="0.0" number="591" s="0" />
						<line f="2" m1="0.5" m2="0.632455532034" m3="1.25" m4="0.666666666667" number="593" s="3" />
						<line f="0" m1="0" m2="0" m3="0.0" m4="0.0" number="595" s="0" />
						<line f="0" m1="0" m2="0" m3="0.0" m4="0.0" number="596" s="0" />
						<line f="0" m1="0" m2="0" m3="0.0" m4="0.0" number="598" s="0" />
						<line f="0" m1="0" m2="0" m3="0.0" m4="0.0" number="600" s="0" />
						<line f="0" m1="0" m2="0" m3="0.0" m4="0.0" number="602" s="0" />
						<line f="0" m1="0" m2="0" m3="0.0" m4="0.0" number="603" s="0" />
						<line f="0" m1="0" m2="0" m3="0.0" m4="0.0" number="605" s="0" />
						<line f="0" m1="0" m2="0" m3="0.0" m4="0.0" number="606" s="0" />
						<line f="0" m1="0" m2="0" m3="0.0" m4="0.0" number="608" s="0" />
						<line f="2" m1="0.5" m2="0.632455532034" m3="1.25" m4="0.666666666667" number="610" s="3" />
						<line f="1" m1="0.333333333333" m2="0.353553390593" m3="0.25" m4="0.25" number="613" s="3" />
						<line f="0" m1="0" m2="0" m3="-0.25" m4="0.0" number="614" s="1" />
						<line f="1" m1="0.333333333333" m2="0.353553390593" m3="0.25" m4="0.25" number="616" s="3" />
						<line f="1" m1="0.333333333333" m2="0.353553390593" m3="0.25" m4="0.25" number="617" s="3" />
						<line f="1" m1="0.333333333333" m2="0.353553390593" m3="0.25" m4="0.25" number="618" s="3" />
						<line f="1" m1="0.333333333333" m2="0.353553390593" m3="0.25" m4="0.25" number="619" s="3" />
						<line f="1" m1="0.333333333333" m2="0.353553390593" m3="0.25" m4="0.25" number="620" s="3" />
						<line f="1" m1="0.333333333333" m2="0.353553390593" m3="0.25" m4="0.25" number="622" s="3" />
						<line f="1" m1="0.333333333333" m2="0.353553390593" m3="0.25" m4="0.25" number="623" s="3" />
						<line f="1" m1="0.333333333333" m2="0.353553390593" m3="0.25" m4="0.25" number="624" s="3" />
						<line f="1" m1="0.333333333333" m2="0.353553390593" m3="0.25" m4="0.25" number="626" s="3" />
						<line f="1" m1="0.333333333333" m2="0.353553390593" m3="0.25" m4="0.25" number="627" s="3" />
						<line f="0" m1="0" m2="0" m3="-0.25" m4="0.0" number="628" s="1" />
						<line f="0" m1="0" m2="0" m3="-0.25" m4="0.0" number="629" s="1" />
						<line f="0" m1="0" m2="0" m3="-0.25" m4="0.0" number="630" s="1" />
						<line f="0" m1="0" m2="0" m3="0.0" m4="0.0" number="631" s="0" />
						<line f="0" m1="0" m2="0" m3="-0.25" m4="0.0" number="633" s="1" />
						<line f="0" m1="0" m2="0" m3="0.0" m4="0.0" number="635" s="0" />
						<line f="0" m1="0" m2="0" m3="0.0" m4="0.0" number="636" s="0" />
						<line f="2" m1="0.5" m2="0.632455532034" m3="1.25" m4="0.666666666667" number="642" s="3" />
						<line f="2" m1="1.0" m2="1.0" m3="2.0" m4="Inf" number="645" s="0" />
						<line f="2" m1="1.0" m2="1.0" m3="2.0" m4="Inf" number="646" s="0" />
						<line f="1" m1="1.0" m2="0.707106781187" m3="1.0" m4="1.0" number="647" s="0" />
						<line f="1" m1="1.0" m2="0.707106781187" m3="1.0" m4="1.0" number="648" s="0" />
						<line f="1" m1="1.0" m2="0.707106781187" m3="1.0" m4="1.0" number="650" s="0" />
						<line f="1" m1="1.0" m2="0.707106781187" m3="1.0" m4="1.0" number="651" s="0" />
						<line f="1" m1="1.0" m2="0.707106781187" m3="1.0" m4="1.0" number="652" s="0" />
						<line f="1" m1="1.0" m2="0.707106781187" m3="1.0" m4="1.0" number="653" s="0" />
						<line f="0" m1="0" m2="0" m3="0.0" m4="0.0" number="654" s="0" />
						<line f="0" m1="0" m2="0" m3="0.0" m4="0.0" number="655" s="0" />
						<line f="2" m1="1.0" m2="1.0" m3="2.0" m4="Inf" number="658" s="0" />
						<line f="2" m1="0.5" m2="0.632455532034" m3="1.25" m4="0.666666666667" number="660" s="3" />
						<line f="0" m1="0" m2="0" m3="0.0" m4="0.0" number="661" s="0" />
						<line f="0" m1="0" m2="0" m3="0.0" m4="0.0" number="662" s="0" />
						<line f="2" m1="0.5" m2="0.632455532034" m3="1.25" m4="0.666666666667" number="664" s="3" />
						<line f="0" m1="0" m2="0" m3="0.0" m4="0.0" number="665" s="0" />
						<line f="0" m1="0" m2="0" m3="0.0" m4="0.0" number="666" s="0" />
						<line f="0" m1="0" m2="0" m3="0.0" m4="0.0" number="667" s="0" />
						<line f="0" m1="0" m2="0" m3="0.0" m4="0.0" number="669" s="0" />
						<line f="0" m1="0" m2="0" m3="0.0" m4="0.0" number="671" s="0" />
						<line f="2" m1="0.5" m2="0.632455532034" m3="1.25" m4="0.666666666667" number="673" s="3" />
						<line f="0" m1="0" m2="0" m3="0.0" m4="0.0" number="674" s="0" />
						<line f="0" m1="0" m2="0" m3="0.0" m4="0.0" number="675" s="0" />
						<line f="0" m1="0" m2="0" m3="0.0" m4="0.0" number="676" s="0" />
						<line f="0" m1="0" m2="0" m3="0.0" m4="0.0" number="678" s="0" />
						<line f="0" m1="0" m2="0" m3="0.0" m4="0.0" number="680" s="0" />
						<line f="2" m1="0.5" m2="0.632455532034" m3="1.25" m4="0.666666666667" number="684" s="3" />
						<line f="0" m1="0" m2="0" m3="0.0" m4="0.0" number="685" s="0" />
						<line f="2" m1="0.5" m2="0.632455532034" m3="1.25" m4="0.666666666667" number="687" s="3" />
						<line f="2" m1="0.5" m2="0.632455532034" m3="1.25" m4="0.666666666667" number="691" s="3" />
						<line f="2" m1="0.5" m2="0.632455532034" m3="1.25" m4="0.666666666667" number="692" s="3" />
						<line f="2" m1="0.5" m2="0.632455532034" m3="1.25" m4="0.666666666667" number="693" s="3" />
						<line f="2" m1="0.5" m2="0.632455532034" m3="1.25" m4="0.666666666667" number="695" s="3" />
						<line f="2" m1="0.5" m2="0.632455532034" m3="1.25" m4="0.666666666667" number="696" s="3" />
						<line f="2" m1="0.5" m2="0.632455532034" m3="1.25" m4="0.666666666667" number="697" s="3" />
						<line f="2" m1="0.5" m2="0.632455532034" m3="1.25" m4="0.666666666667" number="698" s="3" />
						<line f="2" m1="0.5" m2="0.632455532034" m3="1.25" m4="0.666666666667" number="699" s="3" />
						<line f="2" m1="0.5" m2="0.632455532034" m3="1.25" m4="0.666666666667" number="700" s="3" />
						<line f="2" m1="0.5" m2="0.632455532034" m3="1.25" m4="0.666666666667" number="701" s="3" />
						<line f="2" m1="0.5" m2="0.632455532034" m3="1.25" m4="0.666666666667" number="703" s="3" />
						<line f="2" m1="0.5" m2="0.632455532034" m3="1.25" m4="0.666666666667" number="704" s="3" />
						<line f="2" m1="0.5" m2="0.632455532034" m3="1.25" m4="0.666666666667" number="705" s="3" />
						<line f="2" m1="0.5" m2="0.632455532034" m3="1.25" m4="0.666666666667" number="706" s="3" />
						<line f="2" m1="0.5" m2="0.632455532034" m3="1.25" m4="0.666666666667" number="707" s="3" />
						<line f="2" m1="0.5" m2="0.632455532034" m3="1.25" m4="0.666666666667" number="708" s="3" />
						<line f="2" m1="0.5" m2="0.632455532034" m3="1.25" m4="0.666666666667" number="709" s="3" />
						<line f="2" m1="0.5" m2="0.632455532034" m3="1.25" m4="0.666666666667" number="710" s="3" />
						<line f="2" m1="0.5" m2="0.632455532034" m3="1.25" m4="0.666666666667" number="711" s="3" />
						<line f="2" m1="0.5" m2="0.632455532034" m3="1.25" m4="0.666666666667" number="712" s="3" />
						<line f="2" m1="0.5" m2="0.632455532034" m3="1.25" m4="0.666666666667" number="713" s="3" />
						<line f="2" m1="0.5" m2="0.632455532034" m3="1.25" m4="0.666666666667" number="715" s="3" />
						<line f="2" m1="0.5" m2="0.632455532034" m3="1.25" m4="0.666666666667" number="716" s="3" />
						<line f="2" m1="0.5" m2="0.632455532034" m3="1.25" m4="0.666666666667" number="718" s="3" />
						<line f="2" m1="0.5" m2="0.632455532034" m3="1.25" m4="0.666666666667" number="720" s="3" />
						<line f="2" m1="0.5" m2="0.632455532034" m3="1.25" m4="0.666666666667" number="722" s="3" />
						<line f="2" m1="0.5" m2="0.632455532034" m3="1.25" m4="0.666666666667" number="723" s="3" />
						<line f="2" m1="0.5" m2="0.632455532034" m3="1.25" m4="0.666666666667" number="725" s="3" />
						<line f="2" m1="0.5" m2="0.632455532034" m3="1.25" m4="0.666666666667" number="727" s="3" />
						<line f="2" m1="0.5" m2="0.632455532034" m3="1.25" m4="0.666666666667" number="729" s="3" />
						<line f="2" m1="0.5" m2="0.632455532034" m3="1.25" m4="0.666666666667" number="730" s="3" />
						<line f="2" m1="0.5" m2="0.632455532034" m3="1.25" m4="0.666666666667" number="732" s="3" />
						<line f="2" m1="0.5" m2="0.632455532034" m3="1.25" m4="0.666666666667" number="733" s="3" />
						<line f="2" m1="0.5" m2="0.632455532034" m3="1.25" m4="0.666666666667" number="735" s="3" />
						<line f="2" m1="0.5" m2="0.632455532034" m3="1.25" m4="0.666666666667" number="736" s="3" />
						<line f="2" m1="0.5" m2="0.632455532034" m3="1.25" m4="0.666666666667" number="740" s="3" />
						<line f="2" m1="0.5" m2="0.632455532034" m3="1.25" m4="0.666666666667" number="745" s="3" />
						<line f="2" m1="0.5" m2="0.632455532034" m3="1.25" m4="0.666666666667" number="755" s="3" />
						<line f="2" m1="0.5" m2="0.632455532034" m3="1.25" m4="0.666666666667" number="760" s="3" />
						<line f="2" m1="0.5" m2="0.632455532034" m3="1.25" m4="0.666666666667" number="761" s="3" />
					</lines>
				</class>
				<class branch-rate="0" complexity="0" filename="xpcmd.py" line-rate="0.4638" name="xpcmd">
					<methods />
					<lines>
						<line f="2" m1="0.5" m2="0.632455532034" m3="1.25" m4="0.666666666667" number="3" s="3" />
						<line f="2" m1="0.5" m2="0.632455532034" m3="1.25" m4="0.666666666667" number="10" s="3" />
						<line f="2" m1="0.5" m2="0.632455532034" m3="1.25" m4="0.666666666667" number="32" s="3" />
						<line f="2" m1="0.5" m2="0.632455532034" m3="1.25" m4="0.666666666667" number="33" s="3" />
						<line f="2" m1="0.5" m2="0.632455532034" m3="1.25" m4="0.666666666667" number="37" s="3" />
						<line f="2" m1="0.5" m2="0.632455532034" m3="1.25" m4="0.666666666667" number="38" s="3" />
						<line f="0" m1="0" m2="0" m3="0.0" m4="0.0" number="40" s="0" />
						<line f="0" m1="0" m2="0" m3="0.0" m4="0.0" number="41" s="0" />
						<line f="0" m1="0" m2="0" m3="0.0" m4="0.0" number="42" s="0" />
						<line f="0" m1="0" m2="0" m3="0.0" m4="0.0" number="43" s="0" />
						<line f="2" m1="0.5" m2="0.632455532034" m3="1.25" m4="0.666666666667" number="45" s="3" />
						<line f="2" m1="0.5" m2="0.632455532034" m3="1.25" m4="0.666666666667" number="46" s="3" />
						<line f="2" m1="0.5" m2="0.632455532034" m3="1.25" m4="0.666666666667" number="47" s="3" />
						<line f="2" m1="0.5" m2="0.632455532034" m3="1.25" m4="0.666666666667" number="48" s="3" />
						<line f="2" m1="0.5" m2="0.632455532034" m3="1.25" m4="0.666666666667" number="49" s="3" />
						<line f="2" m1="0.5" m2="0.632455532034" m3="1.25" m4="0.666666666667" number="50" s="3" />
						<line f="2" m1="0.5" m2="0.632455532034" m3="1.25" m4="0.666666666667" number="51" s="3" />
						<line f="2" m1="0.5" m2="0.632455532034" m3="1.25" m4="0.666666666667" number="53" s="3" />
						<line f="2" m1="0.5" m2="0.632455532034" m3="1.25" m4="0.666666666667" number="55" s="3" />
						<line f="0" m1="0" m2="0" m3="0.0" m4="0.0" number="56" s="0" />
						<line f="0" m1="0" m2="0" m3="0.0" m4="0.0" number="57" s="0" />
						<line f="0" m1="0" m2="0" m3="0.0" m4="0.0" number="58" s="0" />
						<line f="0" m1="0" m2="0" m3="0.0" m4="0.0" number="59" s="0" />
						<line f="0" m1="0" m2="0" m3="0.0" m4="0.0" number="60" s="0" />
						<line f="0" m1="0" m2="0" m3="0.0" m4="0.0" number="61" s="0" />
						<line f="0" m1="0" m2="0" m3="0.0" m4="0.0" number="62" s="0" />
						<line f="0" m1="0" m2="0" m3="0.0" m4="0.0" number="63" s="0" />
						<line f="0" m1="0" m2="0" m3="0.0" m4="0.0" number="64" s="0" />
						<line f="0" m1="0" m2="0" m3="0.0" m4="0.0" number="65" s="0" />
						<line f="0" m1="0" m2="0" m3="0.0" m4="0.0" number="66" s="0" />
						<line f="0" m1="0" m2="0" m3="0.0" m4="0.0" number="67" s="0" />
						<line f="0" m1="0" m2="0" m3="0.0" m4="0.0" number="69" s="0" />
						<line f="0" m1="0" m2="0" m3="0.0" m4="0.0" number="70" s="0" />
						<line f="0" m1="0" m2="0" m3="0.0" m4="0.0" number="71" s="0" />
						<line f="0" m1="0" m2="0" m3="0.0" m4="0.0" number="72" s="0" />
						<line f="0" m1="0" m2="0" m3="0.0" m4="0.0" number="73" s="0" />
						<line f="0" m1="0" m2="0" m3="0.0" m4="0.0" number="74" s="0" />
						<line f="0" m1="0" m2="0" m3="0.0" m4="0.0" number="75" s="0" />
						<line f="0" m1="0" m2="0" m3="0.0" m4="0.0" number="76" s="0" />
						<line f="0" m1="0" m2="0" m3="0.0" m4="0.0" number="77" s="0" />
						<line f="0" m1="0" m2="0" m3="0.0" m4="0.0" number="78" s="0" />
						<line f="0" m1="0" m2="0" m3="0.0" m4="0.0" number="79" s="0" />
						<line f="0" m1="0" m2="0" m3="0.0" m4="0.0" number="80" s="0" />
						<line f="2" m1="0.5" m2="0.632455532034" m3="1.25" m4="0.666666666667" number="84" s="3" />
						<line f="2" m1="0.5" m2="0.632455532034" m3="1.25" m4="0.666666666667" number="85" s="3" />
						<line f="2" m1="0.5" m2="0.632455532034" m3="1.25" m4="0.666666666667" number="87" s="3" />
						<line f="0" m1="0" m2="0" m3="0.0" m4="0.0" number="88" s="0" />
						<line f="0" m1="0" m2="0" m3="0.0" m4="0.0" number="90" s="0" />
						<line f="0" m1="0" m2="0" m3="0.0" m4="0.0" number="91" s="0" />
						<line f="0" m1="0" m2="0" m3="0.0" m4="0.0" number="92" s="0" />
						<line f="2" m1="0.5" m2="0.632455532034" m3="1.25" m4="0.666666666667" number="94" s="3" />
						<line f="2" m1="0.5" m2="0.632455532034" m3="1.25" m4="0.666666666667" number="96" s="3" />
						<line f="0" m1="0" m2="0" m3="0.0" m4="0.0" number="97" s="0" />
						<line f="0" m1="0" m2="0" m3="0.0" m4="0.0" number="98" s="0" />
						<line f="0" m1="0" m2="0" m3="0.0" m4="0.0" number="99" s="0" />
						<line f="2" m1="0.5" m2="0.632455532034" m3="1.25" m4="0.666666666667" number="101" s="3" />
						<line f="0" m1="0" m2="0" m3="0.0" m4="0.0" number="102" s="0" />
						<line f="2" m1="0.5" m2="0.632455532034" m3="1.25" m4="0.666666666667" number="106" s="3" />
						<line f="2" m1="0.5" m2="0.632455532034" m3="1.25" m4="0.666666666667" number="108" s="3" />
						<line f="2" m1="0.5" m2="0.632455532034" m3="1.25" m4="0.666666666667" number="109" s="3" />
						<line f="2" m1="0.5" m2="0.632455532034" m3="1.25" m4="0.666666666667" number="110" s="3" />
						<line f="2" m1="0.5" m2="0.632455532034" m3="1.25" m4="0.666666666667" number="111" s="3" />
						<line f="2" m1="0.5" m2="0.632455532034" m3="1.25" m4="0.666666666667" number="112" s="3" />
						<line f="0" m1="0" m2="0" m3="-0.75" m4="0.0" number="113" s="3" />
						<line f="0" m1="0" m2="0" m3="-0.75" m4="0.0" number="115" s="3" />
						<line f="0" m1="0" m2="0" m3="-0.75" m4="0.0" number="116" s="3" />
						<line f="0" m1="0" m2="0" m3="0.0" m4="0.0" number="118" s="0" />
						<line f="0" m1="0" m2="0" m3="-0.75" m4="0.0" number="120" s="3" />
						<line f="0" m1="0" m2="0" m3="-0.75" m4="0.0" number="121" s="3" />
					</lines>
				</class>
			</classes>
		</package>
	</packages>
</coverage>